This is LuaHBTeX, Version 1.18.0 (TeX Live 2024)  (format=lualatex 2024.10.15)  15 JAN 2025 19:45
 restricted system commands enabled.
 file:line:error style messages enabled.
**GNU_Linux_Securing_Active_Components.tex
(./GNU_Linux_Securing_Active_Components.tex
LaTeX2e <2024-06-01> patch level 2
L3 programming layer <2024-09-10>
Lua module: luaotfload 2024-02-14 3.28 Lua based OpenType font support
Lua module: lualibs 2023-07-13 2.76 ConTeXt Lua standard libraries.
Lua module: lualibs-extended 2023-07-13 2.76 ConTeXt Lua libraries -- extended collection.
luaotfload | conf : Root cache directory is "/home/stefiii/.config/texlive/2024/texmf-var/luatex-cache/generic/names".
luaotfload | init : Loading fontloader "fontloader-2023-12-28.lua" from kpse-resolved path "/opt/texlive/2024/texmf-dist/tex/luatex/luaotfload/fontloader-2023-12-28.lua".
Lua-only attribute luaotfload@noligature = 1
luaotfload | init : Context OpenType loader version 3.134
Inserting `luaotfload.node_processor' in `pre_linebreak_filter'.
Inserting `luaotfload.node_processor' in `hpack_filter'.
Inserting `luaotfload.glyph_stream' in `glyph_stream_provider'.
Inserting `luaotfload.define_font' in `define_font'.
Lua-only attribute luaotfload_color_attribute = 2
luaotfload | conf : Root cache directory is "/home/stefiii/.config/texlive/2024/texmf-var/luatex-cache/generic/names".
Inserting `luaotfload.harf.strip_prefix' in `find_opentype_file'.
Inserting `luaotfload.harf.strip_prefix' in `find_truetype_file'.
Removing  `luaotfload.glyph_stream' from `glyph_stream_provider'.
Inserting `luaotfload.harf.glyphstream' in `glyph_stream_provider'.
Inserting `luaotfload.harf.finalize_vlist' in `post_linebreak_filter'.
Inserting `luaotfload.harf.finalize_hlist' in `hpack_filter'.
Inserting `luaotfload.cleanup_files' in `wrapup_run'.
Inserting `luaotfload.harf.finalize_unicode' in `finish_pdffile'.
Inserting `luaotfload.glyphinfo' in `glyph_info'.
Lua-only attribute luaotfload.letterspace_done = 3
Inserting `luaotfload.aux.set_sscale_dimens' in `luaotfload.patch_font'.
Inserting `luaotfload.aux.set_font_index' in `luaotfload.patch_font'.
Inserting `luaotfload.aux.patch_cambria_domh' in `luaotfload.patch_font'.
Inserting `luaotfload.aux.fixup_fontdata' in `luaotfload.patch_font_unsafe'.
Inserting `luaotfload.aux.set_capheight' in `luaotfload.patch_font'.
Inserting `luaotfload.aux.set_xheight' in `luaotfload.patch_font'.
Inserting `luaotfload.rewrite_fontname' in `luaotfload.patch_font'.
Inserting `tracingstacklevels' in `input_level_string'. (/opt/texlive/2024/texmf-dist/tex/latex/base/article.cls
Document Class: article 2024/02/08 v1.4n Standard LaTeX document class
(/opt/texlive/2024/texmf-dist/tex/latex/base/size10.clo
File: size10.clo 2024/02/08 v1.4n Standard LaTeX file (size option)
luaotfload | db : Font names database loaded from /home/stefiii/.config/texlive/2024/texmf-var/luatex-cache/generic/names/luaotfload-names.luc.gz)
\c@part=\count192
\c@section=\count193
\c@subsection=\count194
\c@subsubsection=\count195
\c@paragraph=\count196
\c@subparagraph=\count197
\c@figure=\count198
\c@table=\count199
\abovecaptionskip=\skip49
\belowcaptionskip=\skip50
\bibindent=\dimen140
) (/opt/texlive/2024/texmf-dist/tex/latex/graphics/graphicx.sty
Package: graphicx 2021/09/16 v1.2d Enhanced LaTeX Graphics (DPC,SPQR)
 (/opt/texlive/2024/texmf-dist/tex/latex/graphics/keyval.sty
Package: keyval 2022/05/29 v1.15 key=value parser (DPC)
\KV@toks@=\toks17
) (/opt/texlive/2024/texmf-dist/tex/latex/graphics/graphics.sty
Package: graphics 2024/05/23 v1.4g Standard LaTeX Graphics (DPC,SPQR)
 (/opt/texlive/2024/texmf-dist/tex/latex/graphics/trig.sty
Package: trig 2023/12/02 v1.11 sin cos tan (DPC)
) (/opt/texlive/2024/texmf-dist/tex/latex/graphics-cfg/graphics.cfg
File: graphics.cfg 2016/06/04 v1.11 sample graphics configuration
)
Package graphics Info: Driver file: luatex.def on input line 106.
 (/opt/texlive/2024/texmf-dist/tex/latex/graphics-def/luatex.def
File: luatex.def 2024/04/13 v1.2e Graphics/color driver for luatex
))
\Gin@req@height=\dimen141
\Gin@req@width=\dimen142
) (/opt/texlive/2024/texmf-dist/tex/latex/hyperref/hyperref.sty
Package: hyperref 2024-07-10 v7.01j Hypertext links for LaTeX
 (/opt/texlive/2024/texmf-dist/tex/generic/iftex/iftex.sty
Package: iftex 2022/02/03 v1.0f TeX engine tests
) (/opt/texlive/2024/texmf-dist/tex/latex/kvsetkeys/kvsetkeys.sty
Package: kvsetkeys 2022-10-05 v1.19 Key value parser (HO)
) (/opt/texlive/2024/texmf-dist/tex/generic/kvdefinekeys/kvdefinekeys.sty
Package: kvdefinekeys 2019-12-19 v1.6 Define keys (HO)
) (/opt/texlive/2024/texmf-dist/tex/generic/pdfescape/pdfescape.sty
Package: pdfescape 2019/12/09 v1.15 Implements pdfTeX's escape features (HO)
 (/opt/texlive/2024/texmf-dist/tex/generic/ltxcmds/ltxcmds.sty
Package: ltxcmds 2023-12-04 v1.26 LaTeX kernel commands for general use (HO)
) (/opt/texlive/2024/texmf-dist/tex/generic/pdftexcmds/pdftexcmds.sty
Package: pdftexcmds 2020-06-27 v0.33 Utility functions of pdfTeX for LuaTeX (HO)
 (/opt/texlive/2024/texmf-dist/tex/generic/infwarerr/infwarerr.sty
Package: infwarerr 2019/12/03 v1.5 Providing info/warning/error messages (HO)
)
Package pdftexcmds Info: \pdf@primitive is available.
Package pdftexcmds Info: \pdf@ifprimitive is available.
Package pdftexcmds Info: \pdfdraftmode found.
\pdftexcmds@toks=\toks18
)) (/opt/texlive/2024/texmf-dist/tex/latex/hycolor/hycolor.sty
Package: hycolor 2020-01-27 v1.10 Color options for hyperref/bookmark (HO)
) (/opt/texlive/2024/texmf-dist/tex/latex/hyperref/nameref.sty
Package: nameref 2023-11-26 v2.56 Cross-referencing by name of section
 (/opt/texlive/2024/texmf-dist/tex/latex/refcount/refcount.sty
Package: refcount 2019/12/15 v3.6 Data extraction from label references (HO)
) (/opt/texlive/2024/texmf-dist/tex/generic/gettitlestring/gettitlestring.sty
Package: gettitlestring 2019/12/15 v1.6 Cleanup title references (HO)
 (/opt/texlive/2024/texmf-dist/tex/latex/kvoptions/kvoptions.sty
Package: kvoptions 2022-06-15 v3.15 Key value format for package options (HO)
))
\c@section@level=\count266
) (/opt/texlive/2024/texmf-dist/tex/latex/etoolbox/etoolbox.sty
Package: etoolbox 2020/10/05 v2.5k e-TeX tools for LaTeX (JAW)
\etb@tempcnta=\count267
) (/opt/texlive/2024/texmf-dist/tex/generic/stringenc/stringenc.sty
Package: stringenc 2019/11/29 v1.12 Convert strings between diff. encodings (HO)
)
\@linkdim=\dimen143
\Hy@linkcounter=\count268
\Hy@pagecounter=\count269
 (/opt/texlive/2024/texmf-dist/tex/latex/hyperref/pd1enc.def
File: pd1enc.def 2024-07-10 v7.01j Hyperref: PDFDocEncoding definition (HO)
) (/opt/texlive/2024/texmf-dist/tex/generic/intcalc/intcalc.sty
Package: intcalc 2019/12/15 v1.3 Expandable calculations with integers (HO)
)
\Hy@SavedSpaceFactor=\count270
 (/opt/texlive/2024/texmf-dist/tex/latex/hyperref/puenc.def
File: puenc.def 2024-07-10 v7.01j Hyperref: PDF Unicode definition (HO)
)
Package hyperref Info: Hyper figures OFF on input line 4157.
Package hyperref Info: Link nesting OFF on input line 4162.
Package hyperref Info: Hyper index ON on input line 4165.
Package hyperref Info: Plain pages OFF on input line 4172.
Package hyperref Info: Backreferencing OFF on input line 4177.
Package hyperref Info: Implicit mode ON; LaTeX internals redefined.
Package hyperref Info: Bookmarks ON on input line 4424.
\c@Hy@tempcnt=\count271
 (/opt/texlive/2024/texmf-dist/tex/latex/url/url.sty
\Urlmuskip=\muskip17
Package: url 2013/09/16  ver 3.4  Verb mode for urls, etc.
)
LaTeX Info: Redefining \url on input line 4763.
\XeTeXLinkMargin=\dimen144
 (/opt/texlive/2024/texmf-dist/tex/generic/bitset/bitset.sty
Package: bitset 2019/12/09 v1.3 Handle bit-vector datatype (HO)
 (/opt/texlive/2024/texmf-dist/tex/generic/bigintcalc/bigintcalc.sty
Package: bigintcalc 2019/12/15 v1.5 Expandable calculations on big integers (HO)
))
\Fld@menulength=\count272
\Field@Width=\dimen145
\Fld@charsize=\dimen146
Package hyperref Info: Hyper figures OFF on input line 6042.
Package hyperref Info: Link nesting OFF on input line 6047.
Package hyperref Info: Hyper index ON on input line 6050.
Package hyperref Info: backreferencing OFF on input line 6057.
Package hyperref Info: Link coloring OFF on input line 6062.
Package hyperref Info: Link coloring with OCG OFF on input line 6067.
Package hyperref Info: PDF/A mode OFF on input line 6072.
 (/opt/texlive/2024/texmf-dist/tex/latex/base/atbegshi-ltx.sty
Package: atbegshi-ltx 2021/01/10 v1.0c Emulation of the original atbegshi
package with kernel methods
)
\Hy@abspage=\count273
\c@Item=\count274
\c@Hfootnote=\count275
)
Package hyperref Info: Driver (autodetected): hluatex.
 (/opt/texlive/2024/texmf-dist/tex/latex/hyperref/hluatex.def
File: hluatex.def 2024-07-10 v7.01j Hyperref driver for luaTeX
 (/opt/texlive/2024/texmf-dist/tex/latex/base/atveryend-ltx.sty
Package: atveryend-ltx 2020/08/19 v1.0a Emulation of the original atveryend package
with kernel methods
)
\Fld@listcount=\count276
\c@bookmark@seq@number=\count277

(/opt/texlive/2024/texmf-dist/tex/latex/rerunfilecheck/rerunfilecheck.sty
Package: rerunfilecheck 2022-07-10 v1.10 Rerun checks for auxiliary files (HO)
 (/opt/texlive/2024/texmf-dist/tex/generic/uniquecounter/uniquecounter.sty
Package: uniquecounter 2019/12/15 v1.4 Provide unlimited unique counter (HO)
)
Package uniquecounter Info: New unique counter `rerunfilecheck' on input line 285.
)
\Hy@SectionHShift=\skip51
) (/opt/texlive/2024/texmf-dist/tex/latex/xcolor/xcolor.sty
Package: xcolor 2024/09/29 v3.02 LaTeX color extensions (UK)
 (/opt/texlive/2024/texmf-dist/tex/latex/graphics-cfg/color.cfg
File: color.cfg 2016/01/02 v1.6 sample color configuration
)
Package xcolor Info: Driver file: luatex.def on input line 274.
 (/opt/texlive/2024/texmf-dist/tex/latex/graphics/mathcolor.ltx)
Package xcolor Info: Model `cmy' substituted by `cmy0' on input line 1349.
Package xcolor Info: Model `hsb' substituted by `rgb' on input line 1353.
Package xcolor Info: Model `RGB' extended on input line 1365.
Package xcolor Info: Model `HTML' substituted by `rgb' on input line 1367.
Package xcolor Info: Model `Hsb' substituted by `hsb' on input line 1368.
Package xcolor Info: Model `tHsb' substituted by `hsb' on input line 1369.
Package xcolor Info: Model `HSB' substituted by `hsb' on input line 1370.
Package xcolor Info: Model `Gray' substituted by `gray' on input line 1371.
Package xcolor Info: Model `wave' substituted by `hsb' on input line 1372.
) (/opt/texlive/2024/texmf-dist/tex/latex/outlines/outlines.sty
Package: outlines 2012/1/23 1.1 Ch. Pecheur
 (/opt/texlive/2024/texmf-dist/tex/latex/base/ifthen.sty
Package: ifthen 2024/03/16 v1.1e Standard LaTeX ifthen package (DPC)
)) (/opt/texlive/2024/texmf-dist/tex/latex/listings/listings.sty
\lst@mode=\count278
\lst@gtempboxa=\box52
\lst@token=\toks19
\lst@length=\count279
\lst@currlwidth=\dimen147
\lst@column=\count280
\lst@pos=\count281
\lst@lostspace=\dimen148
\lst@width=\dimen149
\lst@newlines=\count282
\lst@lineno=\count283
\lst@maxwidth=\dimen150
 (/opt/texlive/2024/texmf-dist/tex/latex/listings/lstpatch.sty
File: lstpatch.sty 2024/09/23 1.10c (Carsten Heinz)
) (/opt/texlive/2024/texmf-dist/tex/latex/listings/lstmisc.sty
File: lstmisc.sty 2024/09/23 1.10c (Carsten Heinz)
\c@lstnumber=\count284
\lst@skipnumbers=\count285
\lst@framebox=\box53
) (/opt/texlive/2024/texmf-dist/tex/latex/listings/listings.cfg
File: listings.cfg 2024/09/23 1.10c listings configuration
))
Package: listings 2024/09/23 1.10c (Carsten Heinz)
 (/opt/texlive/2024/texmf-dist/tex/latex/fontspec/fontspec.sty (/opt/texlive/2024/texmf-dist/tex/latex/l3packages/xparse/xparse.sty (/opt/texlive/2024/texmf-dist/tex/latex/l3kernel/expl3.sty
Package: expl3 2024-09-10 L3 programming layer (loader) 
 (/opt/texlive/2024/texmf-dist/tex/latex/l3backend/l3backend-luatex.def
File: l3backend-luatex.def 2024-05-08 L3 backend support: PDF output (LuaTeX)
\l__color_backend_stack_int=\count286
Inserting `l3color' in `luaotfload.parse_color'.
\l__pdf_internal_box=\box54
))
Package: xparse 2024-08-16 L3 Experimental document command parser
)
Package: fontspec 2024/05/11 v2.9e Font selection for XeLaTeX and LuaLaTeX
Lua module: fontspec 2024/05/11 2.9e Font selection for XeLaTeX and LuaLaTeX (/opt/texlive/2024/texmf-dist/tex/latex/fontspec/fontspec-luatex.sty
Package: fontspec-luatex 2024/05/11 v2.9e Font selection for XeLaTeX and LuaLaTeX
\l__fontspec_script_int=\count287
\l__fontspec_language_int=\count288
\l__fontspec_strnum_int=\count289
\l__fontspec_tmp_int=\count290
\l__fontspec_tmpa_int=\count291
\l__fontspec_tmpb_int=\count292
\l__fontspec_tmpc_int=\count293
\l__fontspec_em_int=\count294
\l__fontspec_emdef_int=\count295
\l__fontspec_strong_int=\count296
\l__fontspec_strongdef_int=\count297
\l__fontspec_tmpa_dim=\dimen151
\l__fontspec_tmpb_dim=\dimen152
\l__fontspec_tmpc_dim=\dimen153
 (/opt/texlive/2024/texmf-dist/tex/latex/base/fontenc.sty
Package: fontenc 2021/04/29 v2.0v Standard LaTeX package
) (/opt/texlive/2024/texmf-dist/tex/latex/fontspec/fontspec.cfg))) (/opt/texlive/2024/texmf-dist/tex/latex/parskip/parskip.sty
Package: parskip 2021-03-14 v2.0h non-zero parskip adjustments
) (/opt/texlive/2024/texmf-dist/tex/latex/graphics/dvipsnam.def
File: dvipsnam.def 2016/06/17 v3.0m Driver-dependent file (DPC,SPQR)
) (/opt/texlive/2024/texmf-dist/tex/latex/minted/minted.sty
Package: minted 2024/10/07 v3.1.2 Yet another Pygments shim for LaTeX
 (/opt/texlive/2024/texmf-dist/tex/generic/catchfile/catchfile.sty
Package: catchfile 2019/12/09 v1.8 Catch the contents of a file (HO)
 (/opt/texlive/2024/texmf-dist/tex/generic/etexcmds/etexcmds.sty
Package: etexcmds 2019/12/15 v1.7 Avoid name clashes with e-TeX commands (HO)
)) (/opt/texlive/2024/texmf-dist/tex/latex/fvextra/fvextra.sty
Package: fvextra 2024/09/14 v1.8.0 fvextra - extensions and patches for fancyvrb
 (/opt/texlive/2024/texmf-dist/tex/latex/fancyvrb/fancyvrb.sty
Package: fancyvrb 2024/01/20 4.5c verbatim text (tvz,hv)
\FV@CodeLineNo=\count298
\FV@InFile=\read2
\FV@TabBox=\box55
\c@FancyVerbLine=\count299
\FV@StepNumber=\count300
\FV@OutFile=\write3
) (/opt/texlive/2024/texmf-dist/tex/latex/upquote/upquote.sty
Package: upquote 2012/04/19 v1.3 upright-quote and grave-accent glyphs in verbatim
 (/opt/texlive/2024/texmf-dist/tex/latex/base/textcomp.sty
Package: textcomp 2024/04/24 v2.1b Standard LaTeX package
)) (/opt/texlive/2024/texmf-dist/tex/latex/lineno/lineno.sty
Package: lineno 2023/05/20 line numbers on paragraphs v5.3
\linenopenalty=\count301
\output=\toks20
\linenoprevgraf=\count302
\linenumbersep=\dimen154
\linenumberwidth=\dimen155
\c@linenumber=\count303
\c@pagewiselinenumber=\count304
\c@LN@truepage=\count305
\c@internallinenumber=\count306
\c@internallinenumbers=\count307
\quotelinenumbersep=\dimen156
\bframerule=\dimen157
\bframesep=\dimen158
\bframebox=\box56
LaTeX Info: Redefining \\ on input line 3180.
)
\c@FancyVerbWriteLine=\count308
\c@FancyVerbBufferIndex=\count309
\c@FancyVerbBufferLength=\count310
\c@FancyVerbBufferLine=\count311
\c@FV@oldbufferlength=\count312
\c@FV@TrueTabGroupLevel=\count313
\c@FV@TrueTabCounter=\count314
\FV@TabBox@Group=\box57
\FV@TmpLength=\skip52
\c@FV@HighlightLinesStart=\count315
\c@FV@HighlightLinesStop=\count316
\FV@LoopCount=\count317
\FV@NCharsBox=\box58
\FV@BreakIndent=\dimen159
\FV@BreakIndentNChars=\count318
\FV@BreakSymbolSepLeft=\dimen160
\FV@BreakSymbolSepLeftNChars=\count319
\FV@BreakSymbolSepRight=\dimen161
\FV@BreakSymbolSepRightNChars=\count320
\FV@BreakSymbolIndentLeft=\dimen162
\FV@BreakSymbolIndentLeftNChars=\count321
\FV@BreakSymbolIndentRight=\dimen163
\FV@BreakSymbolIndentRightNChars=\count322
\c@FancyVerbLineBreakLast=\count323
\FV@LineBox=\box59
\FV@LineIndentBox=\box60
\c@FV@BreakBufferDepth=\count324
\FV@LineWidth=\dimen164
) (/opt/texlive/2024/texmf-dist/tex/latex/latex2pydata/latex2pydata.sty
Package: latex2pydata 2024/05/16 v0.2.0 latex2pydata - write data to file in Python literal format
\c@pydata@bufferindex=\count325
\c@pydata@defaultbufferlength=\count326
) (/opt/texlive/2024/texmf-dist/tex/latex/pgf/utilities/pgfkeys.sty (/opt/texlive/2024/texmf-dist/tex/generic/pgf/utilities/pgfkeys.code.tex
\pgfkeys@pathtoks=\toks21
\pgfkeys@temptoks=\toks22

(/opt/texlive/2024/texmf-dist/tex/generic/pgf/utilities/pgfkeyslibraryfiltered.code.tex
\pgfkeys@tmptoks=\toks23
))) (/opt/texlive/2024/texmf-dist/tex/latex/pgfopts/pgfopts.sty
Package: pgfopts 2014/07/10 v2.1a LaTeX package options with pgfkeys
\pgfopts@list@add@a@toks=\toks24
\pgfopts@list@add@b@toks=\toks25
) (/opt/texlive/2024/texmf-dist/tex/latex/tools/shellesc.sty
Package: shellesc 2023/07/08 v1.0d unified shell escape interface for LaTeX
Package shellesc Info: Restricted shell escape enabled on input line 77.
) (/opt/texlive/2024/texmf-dist/tex/latex/float/float.sty
Package: float 2001/11/08 v1.3d Float enhancements (AL)
\c@float@type=\count327
\float@exts=\toks26
\float@box=\box61
\@float@everytoks=\toks27
\@floatcapt=\box62
)
\c@minted@tmpcnt=\count328
\c@minted@tmpcodebufferlength=\count329
\c@minted@numcachefiles=\count330
\c@minted@FancyVerbLineTemp=\count331
\@float@every@listing=\toks28
\c@listing=\count332
) (/opt/texlive/2024/texmf-dist/tex/latex/fancyhdr/fancyhdr.sty
Package: fancyhdr 2024/07/23 v4.3.1 Extensive control of page headers and footers
\f@nch@headwidth=\skip53
\f@nch@O@elh=\skip54
\f@nch@O@erh=\skip55
\f@nch@O@olh=\skip56
\f@nch@O@orh=\skip57
\f@nch@O@elf=\skip58
\f@nch@O@erf=\skip59
\f@nch@O@olf=\skip60
\f@nch@O@orf=\skip61
) (/opt/texlive/2024/texmf-dist/tex/latex/geometry/geometry.sty
Package: geometry 2020/01/02 v5.9 Page Geometry
 (/opt/texlive/2024/texmf-dist/tex/generic/iftex/ifvtex.sty
Package: ifvtex 2019/10/25 v1.7 ifvtex legacy package. Use iftex instead.
)
\Gm@cnth=\count333
\Gm@cntv=\count334
\c@Gm@tempcnt=\count335
\Gm@bindingoffset=\dimen165
\Gm@wd@mp=\dimen166
\Gm@odd@mp=\dimen167
\Gm@even@mp=\dimen168
\Gm@layoutwidth=\dimen169
\Gm@layoutheight=\dimen170
\Gm@layouthoffset=\dimen171
\Gm@layoutvoffset=\dimen172
\Gm@dimlist=\toks29
)

Package geometry Warning: Over-specification in `v'-direction.
    `height' (731.23582pt) is ignored.

(./GNU_Linux_Securing_Active_Components.aux)
\openout1 = GNU_Linux_Securing_Active_Components.aux

LaTeX Font Info:    Checking defaults for OML/cmm/m/it on input line 55.
LaTeX Font Info:    ... okay on input line 55.
LaTeX Font Info:    Checking defaults for OMS/cmsy/m/n on input line 55.
LaTeX Font Info:    ... okay on input line 55.
LaTeX Font Info:    Checking defaults for OT1/cmr/m/n on input line 55.
LaTeX Font Info:    ... okay on input line 55.
LaTeX Font Info:    Checking defaults for T1/cmr/m/n on input line 55.
LaTeX Font Info:    ... okay on input line 55.
LaTeX Font Info:    Checking defaults for TS1/cmr/m/n on input line 55.
LaTeX Font Info:    Trying to load font information for TS1+cmr on input line 55.
 (/opt/texlive/2024/texmf-dist/tex/latex/base/ts1cmr.fd
File: ts1cmr.fd 2023/04/13 v2.5m Standard LaTeX font definitions
)
LaTeX Font Info:    ... okay on input line 55.
LaTeX Font Info:    Checking defaults for TU/lmr/m/n on input line 55.
LaTeX Font Info:    ... okay on input line 55.
LaTeX Font Info:    Checking defaults for OMX/cmex/m/n on input line 55.
LaTeX Font Info:    ... okay on input line 55.
LaTeX Font Info:    Checking defaults for U/cmr/m/n on input line 55.
LaTeX Font Info:    ... okay on input line 55.
LaTeX Font Info:    Checking defaults for PD1/pdf/m/n on input line 55.
LaTeX Font Info:    ... okay on input line 55.
LaTeX Font Info:    Checking defaults for PU/pdf/m/n on input line 55.
LaTeX Font Info:    ... okay on input line 55.
 (/opt/texlive/2024/texmf-dist/tex/context/base/mkii/supp-pdf.mkii
[Loading MPS to PDF converter (version 2006.09.02).]
\scratchcounter=\count336
\scratchdimen=\dimen173
\scratchbox=\box63
\nofMPsegments=\count337
\nofMParguments=\count338
\everyMPshowfont=\toks30
\MPscratchCnt=\count339
\MPscratchDim=\dimen174
\MPnumerator=\count340
\makeMPintoPDFobject=\count341
\everyMPtoPDFconversion=\toks31
) (/opt/texlive/2024/texmf-dist/tex/latex/epstopdf-pkg/epstopdf-base.sty
Package: epstopdf-base 2020-01-24 v2.11 Base part for package epstopdf
Package epstopdf-base Info: Redefining graphics rule for `.eps' on input line 485.
 (/opt/texlive/2024/texmf-dist/tex/latex/latexconfig/epstopdf-sys.cfg
File: epstopdf-sys.cfg 2010/07/13 v1.3 Configuration of (r)epstopdf for TeX Live
))
Package hyperref Info: Link coloring OFF on input line 55.
 (./GNU_Linux_Securing_Active_Components.out) (./GNU_Linux_Securing_Active_Components.out)
\@outlinefile=\write4

\openout4 = GNU_Linux_Securing_Active_Components.out
\c@lstlisting=\count342

Package fontspec Info: 
(fontspec)             Adjusting the maths setup (use [no-math] to avoid
(fontspec)             this).

\symlegacymaths=\mathgroup4
LaTeX Font Info:    Overwriting symbol font `legacymaths' in version `bold'
(Font)                  OT1/cmr/m/n --> OT1/cmr/bx/n on input line 55.
LaTeX Font Info:    Redeclaring math accent \acute on input line 55.
LaTeX Font Info:    Redeclaring math accent \grave on input line 55.
LaTeX Font Info:    Redeclaring math accent \ddot on input line 55.
LaTeX Font Info:    Redeclaring math accent \tilde on input line 55.
LaTeX Font Info:    Redeclaring math accent \bar on input line 55.
LaTeX Font Info:    Redeclaring math accent \breve on input line 55.
LaTeX Font Info:    Redeclaring math accent \check on input line 55.
LaTeX Font Info:    Redeclaring math accent \hat on input line 55.
LaTeX Font Info:    Redeclaring math accent \dot on input line 55.
LaTeX Font Info:    Redeclaring math accent \mathring on input line 55.
LaTeX Font Info:    Redeclaring math symbol \colon on input line 55.
LaTeX Font Info:    Redeclaring math symbol \Gamma on input line 55.
LaTeX Font Info:    Redeclaring math symbol \Delta on input line 55.
LaTeX Font Info:    Redeclaring math symbol \Theta on input line 55.
LaTeX Font Info:    Redeclaring math symbol \Lambda on input line 55.
LaTeX Font Info:    Redeclaring math symbol \Xi on input line 55.
LaTeX Font Info:    Redeclaring math symbol \Pi on input line 55.
LaTeX Font Info:    Redeclaring math symbol \Sigma on input line 55.
LaTeX Font Info:    Redeclaring math symbol \Upsilon on input line 55.
LaTeX Font Info:    Redeclaring math symbol \Phi on input line 55.
LaTeX Font Info:    Redeclaring math symbol \Psi on input line 55.
LaTeX Font Info:    Redeclaring math symbol \Omega on input line 55.
LaTeX Font Info:    Redeclaring math symbol \mathdollar on input line 55.
LaTeX Font Info:    Redeclaring symbol font `operators' on input line 55.
LaTeX Font Info:    Encoding `OT1' has changed to `TU' for symbol font
(Font)              `operators' in the math version `normal' on input line 55.
LaTeX Font Info:    Overwriting symbol font `operators' in version `normal'
(Font)                  OT1/cmr/m/n --> TU/lmr/m/n on input line 55.
LaTeX Font Info:    Encoding `OT1' has changed to `TU' for symbol font
(Font)              `operators' in the math version `bold' on input line 55.
LaTeX Font Info:    Overwriting symbol font `operators' in version `bold'
(Font)                  OT1/cmr/bx/n --> TU/lmr/m/n on input line 55.
LaTeX Font Info:    Overwriting symbol font `operators' in version `normal'
(Font)                  TU/lmr/m/n --> TU/lmr/m/n on input line 55.
LaTeX Font Info:    Overwriting math alphabet `\mathit' in version `normal'
(Font)                  OT1/cmr/m/it --> TU/lmr/m/it on input line 55.
LaTeX Font Info:    Overwriting math alphabet `\mathbf' in version `normal'
(Font)                  OT1/cmr/bx/n --> TU/lmr/b/n on input line 55.
LaTeX Font Info:    Overwriting math alphabet `\mathsf' in version `normal'
(Font)                  OT1/cmss/m/n --> TU/lmss/m/n on input line 55.
LaTeX Font Info:    Overwriting math alphabet `\mathtt' in version `normal'
(Font)                  OT1/cmtt/m/n --> TU/lmtt/m/n on input line 55.
LaTeX Font Info:    Overwriting symbol font `operators' in version `bold'
(Font)                  TU/lmr/m/n --> TU/lmr/b/n on input line 55.
LaTeX Font Info:    Overwriting math alphabet `\mathit' in version `bold'
(Font)                  OT1/cmr/bx/it --> TU/lmr/b/it on input line 55.
LaTeX Font Info:    Overwriting math alphabet `\mathsf' in version `bold'
(Font)                  OT1/cmss/bx/n --> TU/lmss/b/n on input line 55.
LaTeX Font Info:    Overwriting math alphabet `\mathtt' in version `bold'
(Font)                  OT1/cmtt/m/n --> TU/lmtt/b/n on input line 55.

*geometry* driver: auto-detecting
*geometry* detected driver: luatex
*geometry* verbose mode - [ preamble ] result:
* driver: luatex
* paper: a4paper
* layout: <same size as paper>
* layoutoffset:(h,v)=(0.0pt,0.0pt)
* modes: 
* h-part:(L,W,R)=(56.9055pt, 483.69684pt, 56.90553pt)
* v-part:(T,H,B)=(56.9055pt, 677.1756pt, 110.96574pt)
* \paperwidth=597.50787pt
* \paperheight=845.04684pt
* \textwidth=483.69684pt
* \textheight=677.1756pt
* \oddsidemargin=-15.36449pt
* \evensidemargin=-15.36449pt
* \topmargin=-52.36449pt
* \headheight=82.70538pt
* \headsep=25.0pt
* \topskip=10.0pt
* \footskip=30.0pt
* \marginparwidth=57.0pt
* \marginparsep=11.0pt
* \columnsep=10.0pt
* \skip\footins=9.0pt plus 4.0pt minus 2.0pt
* \hoffset=0.0pt
* \voffset=0.0pt
* \mag=1000
* \@twocolumnfalse
* \@twosidefalse
* \@mparswitchfalse
* \@reversemarginfalse
* (1in=72.27pt=25.4mm, 1cm=28.453pt)

<images/mika.png, id=68, 1606.0pt x 1606.0pt>
File: images/mika.png Graphic file (type png)
<use images/mika.png>
Package luatex.def Info: images/mika.png  used on input line 63.
(luatex.def)             Requested size: 449.67694pt x 449.67694pt.


<images/logo.png, id=69, 413.545pt x 122.4575pt>
File: images/logo.png Graphic file (type png)
<use images/logo.png>
Package luatex.def Info: images/logo.png  used on input line 84.
(luatex.def)             Requested size: 186.09352pt x 55.10535pt.
[1{/opt/texlive/2024/texmf-var/fonts/map/pdftex/updmap/pdftex.map}


warning  (pdf backend): ignoring duplicate destination with the name 'figure.1'
<./images/logo.png><./images/mika.png>] (./GNU_Linux_Securing_Active_Components.toc
LaTeX Font Info:    External font `cmex10' loaded for size
(Font)              <7> on input line 5.
LaTeX Font Info:    External font `cmex10' loaded for size
(Font)              <5> on input line 5.
)
\tf@toc=\write5

\openout5 = GNU_Linux_Securing_Active_Components.toc


File: images/logo.png Graphic file (type png)
<use images/logo.png>
Package luatex.def Info: images/logo.png  used on input line 87.
(luatex.def)             Requested size: 186.09352pt x 55.10535pt.
[2]
LaTeX Font Info:    External font `cmex10' loaded for size
(Font)              <8> on input line 103.
LaTeX Font Info:    External font `cmex10' loaded for size
(Font)              <6> on input line 103.


File: images/logo.png Graphic file (type png)
<use images/logo.png>
Package luatex.def Info: images/logo.png  used on input line 110.
(luatex.def)             Requested size: 186.09352pt x 55.10535pt.
[3]
<images/topology.png, id=119, 1084.05pt x 907.39pt>
File: images/topology.png Graphic file (type png)
<use images/topology.png>
Package luatex.def Info: images/topology.png  used on input line 115.
(luatex.def)             Requested size: 325.21751pt x 272.2191pt.


File: images/logo.png Graphic file (type png)
<use images/logo.png>
Package luatex.def Info: images/logo.png  used on input line 120.
(luatex.def)             Requested size: 186.09352pt x 55.10535pt.
[4
warning  (pdf backend): ignoring duplicate destination with the name 'figure.2'
<./images/topology.png>]
<images/sshnopw.png, id=125, 795.97375pt x 158.5925pt>
File: images/sshnopw.png Graphic file (type png)
<use images/sshnopw.png>
Package luatex.def Info: images/sshnopw.png  used on input line 127.
(luatex.def)             Requested size: 206.94829pt x 41.23306pt.
<images/nokey.png, id=126, 1509.64pt x 219.82124pt>
File: images/nokey.png Graphic file (type png)
<use images/nokey.png>
Package luatex.def Info: images/nokey.png  used on input line 133.
(luatex.def)             Requested size: 196.26009pt x 28.57776pt.
<images/yeskey.png, id=127, 657.45625pt x 278.03876pt>
File: images/yeskey.png Graphic file (type png)
<use images/yeskey.png>
Package luatex.def Info: images/yeskey.png  used on input line 138.
(luatex.def)             Requested size: 197.23839pt x 83.41226pt.
<images/yeskey2.png, id=128, 672.5125pt x 279.0425pt>
File: images/yeskey2.png Graphic file (type png)
<use images/yeskey2.png>
Package luatex.def Info: images/yeskey2.png  used on input line 144.
(luatex.def)             Requested size: 201.7553pt x 83.7134pt.


File: images/logo.png Graphic file (type png)
<use images/logo.png>
Package luatex.def Info: images/logo.png  used on input line 147.
(luatex.def)             Requested size: 186.09352pt x 55.10535pt.
[5
warning  (pdf backend): ignoring duplicate destination with the name 'figure.3'

warning  (pdf backend): ignoring duplicate destination with the name 'figure.4'

warning  (pdf backend): ignoring duplicate destination with the name 'figure.5'

warning  (pdf backend): ignoring duplicate destination with the name 'figure.6'
<./images/sshnopw.png><./images/nokey.png><./images/yeskey.png><./images/yeskey2.png>] (/opt/texlive/2024/texmf-dist/tex/latex/listings/lstlang1.sty
File: lstlang1.sty 2024/09/23 1.10c listings language file
) (/opt/texlive/2024/texmf-dist/tex/latex/listings/lstlang1.sty
File: lstlang1.sty 2024/09/23 1.10c listings language file
)

File: images/logo.png Graphic file (type png)
<use images/logo.png>
Package luatex.def Info: images/logo.png  used on input line 200.
(luatex.def)             Requested size: 186.09352pt x 55.10535pt.
[6]

File: images/logo.png Graphic file (type png)
<use images/logo.png>
Package luatex.def Info: images/logo.png  used on input line 221.
(luatex.def)             Requested size: 186.09352pt x 55.10535pt.
[7]
<images/nginx.png, id=207, 1664.2175pt x 807.015pt>
File: images/nginx.png Graphic file (type png)
<use images/nginx.png>
Package luatex.def Info: images/nginx.png  used on input line 234.
(luatex.def)             Requested size: 332.8376pt x 161.40013pt.


File: images/logo.png Graphic file (type png)
<use images/logo.png>
Package luatex.def Info: images/logo.png  used on input line 254.
(luatex.def)             Requested size: 186.09352pt x 55.10535pt.
[8
warning  (pdf backend): ignoring duplicate destination with the name 'figure.7'
<./images/nginx.png>]
Overfull \hbox (2.3081pt too wide) in paragraph at lines 263--264
[][][][][][][][][][][][][][][][][][][][][][][][][][][][][][][][][][][][][][][][][] 
 []

<images/indexphp.png, id=234, 510.90875pt x 242.9075pt>
File: images/indexphp.png Graphic file (type png)
<use images/indexphp.png>
Package luatex.def Info: images/indexphp.png  used on input line 291.
(luatex.def)             Requested size: 229.90681pt x 109.30736pt.
<images/privatphp.png, id=235, 1208.515pt x 615.29875pt>
File: images/privatphp.png Graphic file (type png)
<use images/privatphp.png>
Package luatex.def Info: images/privatphp.png  used on input line 296.
(luatex.def)             Requested size: 241.69872pt x 123.05756pt.

Underfull \hbox (badness 10000) in paragraph at lines 288--299

 []



File: images/logo.png Graphic file (type png)
<use images/logo.png>
Package luatex.def Info: images/logo.png  used on input line 299.
(luatex.def)             Requested size: 186.09352pt x 55.10535pt.
[9
warning  (pdf backend): ignoring duplicate destination with the name 'figure.8'
<./images/indexphp.png>]
Overfull \hbox (2.3081pt too wide) in paragraph at lines 305--306
[][][][][][][][][][][][][][][][][][][][][][][][][][][][][][][][][][][][][][] 
 []



File: images/logo.png Graphic file (type png)
<use images/logo.png>
Package luatex.def Info: images/logo.png  used on input line 330.
(luatex.def)             Requested size: 186.09352pt x 55.10535pt.
[10
warning  (pdf backend): ignoring duplicate destination with the name 'figure.9'
<./images/privatphp.png>]
<images/siginprompt.png, id=304, 1189.44376pt x 413.545pt>
File: images/siginprompt.png Graphic file (type png)
<use images/siginprompt.png>
Package luatex.def Info: images/siginprompt.png  used on input line 332.
(luatex.def)             Requested size: 297.36021pt x 103.38599pt.
<images/noauth.png, id=305, 772.8875pt x 164.615pt>
File: images/noauth.png Graphic file (type png)
<use images/noauth.png>
Package luatex.def Info: images/noauth.png  used on input line 337.
(luatex.def)             Requested size: 293.7003pt x 62.55434pt.
<images/zivk_webuser.png, id=306, 1176.395pt x 653.44125pt>
File: images/zivk_webuser.png Graphic file (type png)
<use images/zivk_webuser.png>
Package luatex.def Info: images/zivk_webuser.png  used on input line 342.
(luatex.def)             Requested size: 294.09804pt x 163.35991pt.
<images/ram_webuser.png, id=307, 1203.49625pt x 661.47125pt>
File: images/ram_webuser.png Graphic file (type png)
<use images/ram_webuser.png>
Package luatex.def Info: images/ram_webuser.png  used on input line 347.
(luatex.def)             Requested size: 300.87332pt x 165.3674pt.


File: images/logo.png Graphic file (type png)
<use images/logo.png>
Package luatex.def Info: images/logo.png  used on input line 351.
(luatex.def)             Requested size: 186.09352pt x 55.10535pt.
[11
warning  (pdf backend): ignoring duplicate destination with the name 'figure.10'

warning  (pdf backend): ignoring duplicate destination with the name 'figure.11'

warning  (pdf backend): ignoring duplicate destination with the name 'figure.12'

warning  (pdf backend): ignoring duplicate destination with the name 'figure.13'
<./images/siginprompt.png><./images/noauth.png><./images/zivk_webuser.png><./images/ram_webuser.png>]
<images/zivk_snifa.png, id=317, 1594.95876pt x 858.20625pt>
File: images/zivk_snifa.png Graphic file (type png)
<use images/zivk_snifa.png>
Package luatex.def Info: images/zivk_snifa.png  used on input line 354.
(luatex.def)             Requested size: 398.73871pt x 214.55104pt.
<images/ram_snifa.png, id=318, 1595.9625pt x 858.20625pt>
File: images/ram_snifa.png Graphic file (type png)
<use images/ram_snifa.png>
Package luatex.def Info: images/ram_snifa.png  used on input line 359.
(luatex.def)             Requested size: 398.98965pt x 214.55104pt.


File: images/logo.png Graphic file (type png)
<use images/logo.png>
Package luatex.def Info: images/logo.png  used on input line 363.
(luatex.def)             Requested size: 186.09352pt x 55.10535pt.
[12
warning  (pdf backend): ignoring duplicate destination with the name 'figure.14'

warning  (pdf backend): ignoring duplicate destination with the name 'figure.15'
<./images/zivk_snifa.png><./images/ram_snifa.png>]

File: images/logo.png Graphic file (type png)
<use images/logo.png>
Package luatex.def Info: images/logo.png  used on input line 414.
(luatex.def)             Requested size: 186.09352pt x 55.10535pt.
[13]
<images/unseccert.png, id=375, 1282.7925pt x 965.6075pt>
File: images/unseccert.png Graphic file (type png)
<use images/unseccert.png>
Package luatex.def Info: images/unseccert.png  used on input line 416.
(luatex.def)             Requested size: 320.69734pt x 241.40128pt.
<images/selfcert.png, id=376, 1730.465pt x 1002.74625pt>
File: images/selfcert.png Graphic file (type png)
<use images/selfcert.png>
Package luatex.def Info: images/selfcert.png  used on input line 422.
(luatex.def)             Requested size: 346.08687pt x 200.5457pt.


File: images/logo.png Graphic file (type png)
<use images/logo.png>
Package luatex.def Info: images/logo.png  used on input line 426.
(luatex.def)             Requested size: 186.09352pt x 55.10535pt.
[14
warning  (pdf backend): ignoring duplicate destination with the name 'figure.16'

warning  (pdf backend): ignoring duplicate destination with the name 'figure.17'
<./images/unseccert.png><./images/selfcert.png>]
<images/nohaxxor.png, id=383, 1595.9625pt x 856.19875pt>
File: images/nohaxxor.png Graphic file (type png)
<use images/nohaxxor.png>
Package luatex.def Info: images/nohaxxor.png  used on input line 429.
(luatex.def)             Requested size: 319.18684pt x 171.23671pt.
<images/dnsentry.png, id=387, 1181.41376pt x 580.1675pt>
File: images/dnsentry.png Graphic file (type png)
<use images/dnsentry.png>
Package luatex.def Info: images/dnsentry.png  used on input line 440.
(luatex.def)             Requested size: 354.42686pt x 174.05157pt.

Underfull \hbox (badness 10000) in paragraph at lines 434--443

 []



File: images/logo.png Graphic file (type png)
<use images/logo.png>
Package luatex.def Info: images/logo.png  used on input line 443.
(luatex.def)             Requested size: 186.09352pt x 55.10535pt.
[15
warning  (pdf backend): ignoring duplicate destination with the name 'figure.18'

warning  (pdf backend): ignoring duplicate destination with the name 'figure.19'
<./images/nohaxxor.png><./images/dnsentry.png>]
<images/nobs.png, id=399, 1593.955pt x 856.19875pt>
File: images/nobs.png Graphic file (type png)
<use images/nobs.png>
Package luatex.def Info: images/nobs.png  used on input line 458.
(luatex.def)             Requested size: 318.78535pt x 171.23671pt.

Underfull \hbox (badness 10000) in paragraph at lines 455--462

 []



File: images/logo.png Graphic file (type png)
<use images/logo.png>
Package luatex.def Info: images/logo.png  used on input line 462.
(luatex.def)             Requested size: 186.09352pt x 55.10535pt.
[16
warning  (pdf backend): ignoring duplicate destination with the name 'figure.20'
<./images/nobs.png>] (./GNU_Linux_Securing_Active_Components.bbl)

File: images/logo.png Graphic file (type png)
<use images/logo.png>
Package luatex.def Info: images/logo.png  used on input line 465.
(luatex.def)             Requested size: 186.09352pt x 55.10535pt.
[17] (./GNU_Linux_Securing_Active_Components.lof)
\tf@lof=\write6

\openout6 = GNU_Linux_Securing_Active_Components.lof


File: images/logo.png Graphic file (type png)
<use images/logo.png>
Package luatex.def Info: images/logo.png  used on input line 470.
(luatex.def)             Requested size: 186.09352pt x 55.10535pt.
[18] (./GNU_Linux_Securing_Active_Components.aux)
 ***********
LaTeX2e <2024-06-01> patch level 2
L3 programming layer <2024-09-10>
 ***********
Package rerunfilecheck Info: File `GNU_Linux_Securing_Active_Components.out' has not changed.
(rerunfilecheck)             Checksum: A3587F7E6CCB9BEC10C190D99FB4B840;3064.
)

Here is how much of LuaTeX's memory you used:
 18829 strings out of 475910
 156329,1373583 words of node,token memory allocated
 540 words of node memory still in use:
   3 hlist, 1 vlist, 1 rule, 6 glue, 3 kern, 1 glyph, 15 attribute, 52 glue_spec, 15 attribute_list, 1 write, 7 pdf_action nodes
   avail lists: 1:2,2:3414,3:441,4:1024,5:969,6:103,7:10279,8:120,9:3853,10:15,11:500
 40797 multiletter control sequences out of 65536+600000
 43 fonts using 3287615 bytes
 79i,16n,89p,713b,646s stack positions out of 10000i,1000n,20000p,200000b,200000s
</opt/texlive/2024/texmf-dist/fonts/opentype/public/lm/lmroman10-italic.otf></opt/texlive/2024/texmf-dist/fonts/opentype/public/lm/lmmono8-regular.otf></opt/texlive/2024/texmf-dist/fonts/opentype/public/lm/lmroman8-regular.otf></opt/texlive/2024/texmf-dist/fonts/opentype/public/lm/lmroman6-regular.otf></opt/texlive/2024/texmf-dist/fonts/opentype/public/lm/lmroman7-regular.otf></opt/texlive/2024/texmf-dist/fonts/opentype/public/lm/lmmono10-regular.otf></opt/texlive/2024/texmf-dist/fonts/opentype/public/lm/lmroman10-bold.otf></opt/texlive/2024/texmf-dist/fonts/opentype/public/lm/lmroman12-bold.otf></opt/texlive/2024/texmf-dist/fonts/opentype/public/lm/lmroman10-regular.otf></opt/texlive/2024/texmf-dist/fonts/type1/public/amsfonts/cm/cmsy10.pfb>
Output written on GNU_Linux_Securing_Active_Components.pdf (18 pages, 11135385 bytes).

PDF statistics: 540 PDF objects out of 1000 (max. 8388607)
 464 compressed objects within 5 object streams
 241 named destinations out of 1000 (max. 131072)
 129 words of extra memory for PDF output out of 10000 (max. 100000000)

