This is LuaHBTeX, Version 1.15.0 (TeX Live 2022/Debian)  (format=lualatex 2025.1.19)  20 JAN 2025 01:49
 restricted system commands enabled.
 file:line:error style messages enabled.
**UE7_CTF.tex
(./UE7_CTF.tex
LaTeX2e <2022-11-01> patch level 1
Lua module: luaotfload 2022-10-03 3.23 Lua based OpenType font support
Lua module: lualibs 2022-10-04 2.75 ConTeXt Lua standard libraries.
Lua module: lualibs-extended 2022-10-04 2.75 ConTeXt Lua libraries -- extended collection.
luaotfload | conf : Root cache directory is "/home/stefiii/.texlive2022/texmf-var/luatex-cache/generic/names".
luaotfload | init : Loading fontloader "fontloader-2022-10-03.lua" from kpse-resolved path "/usr/share/texlive/texmf-dist/tex/luatex/luaotfload/fontloader-2022-10-03.lua".
Lua-only attribute luaotfload@noligature = 1
luaotfload | init : Context OpenType loader version 3.120
Inserting `luaotfload.node_processor' in `pre_linebreak_filter'.
Inserting `luaotfload.node_processor' in `hpack_filter'.
Inserting `luaotfload.glyph_stream' in `glyph_stream_provider'.
Inserting `luaotfload.define_font' in `define_font'.
Lua-only attribute luaotfload_color_attribute = 2
luaotfload | conf : Root cache directory is "/home/stefiii/.texlive2022/texmf-var/luatex-cache/generic/names".
Inserting `luaotfload.harf.strip_prefix' in `find_opentype_file'.
Inserting `luaotfload.harf.strip_prefix' in `find_truetype_file'.
Removing  `luaotfload.glyph_stream' from `glyph_stream_provider'.
Inserting `luaotfload.harf.glyphstream' in `glyph_stream_provider'.
Inserting `luaotfload.harf.finalize_vlist' in `post_linebreak_filter'.
Inserting `luaotfload.harf.finalize_hlist' in `hpack_filter'.
Inserting `luaotfload.cleanup_files' in `wrapup_run'.
Inserting `luaotfload.harf.finalize_unicode' in `finish_pdffile'.
Inserting `luaotfload.glyphinfo' in `glyph_info'.
Lua-only attribute luaotfload.letterspace_done = 3
Inserting `luaotfload.aux.set_sscale_dimens' in `luaotfload.patch_font'.
Inserting `luaotfload.aux.set_font_index' in `luaotfload.patch_font'.
Inserting `luaotfload.aux.patch_cambria_domh' in `luaotfload.patch_font'.
Inserting `luaotfload.aux.fixup_fontdata' in `luaotfload.patch_font_unsafe'.
Inserting `luaotfload.aux.set_capheight' in `luaotfload.patch_font'.
Inserting `luaotfload.aux.set_xheight' in `luaotfload.patch_font'.
Inserting `luaotfload.rewrite_fontname' in `luaotfload.patch_font'. L3 programming layer <2023-01-16>
Inserting `tracingstacklevels' in `input_level_string'. (/usr/share/texlive/texmf-dist/tex/latex/base/article.cls
Document Class: article 2022/07/02 v1.4n Standard LaTeX document class
(/usr/share/texlive/texmf-dist/tex/latex/base/size10.clo
File: size10.clo 2022/07/02 v1.4n Standard LaTeX file (size option)
luaotfload | db : Font names database loaded from /home/stefiii/.texlive2022/texmf-var/luatex-cache/generic/names/luaotfload-names.luc.gz)
\c@part=\count183
\c@section=\count184
\c@subsection=\count185
\c@subsubsection=\count186
\c@paragraph=\count187
\c@subparagraph=\count188
\c@figure=\count189
\c@table=\count190
\abovecaptionskip=\skip48
\belowcaptionskip=\skip49
\bibindent=\dimen139
) (/usr/share/texlive/texmf-dist/tex/latex/caption/caption.sty
Package: caption 2022/03/01 v3.6b Customizing captions (AR)
 (/usr/share/texlive/texmf-dist/tex/latex/caption/caption3.sty
Package: caption3 2022/03/17 v2.3b caption3 kernel (AR)
 (/usr/share/texlive/texmf-dist/tex/latex/graphics/keyval.sty
Package: keyval 2022/05/29 v1.15 key=value parser (DPC)
\KV@toks@=\toks16
)
\caption@tempdima=\dimen140
\captionmargin=\dimen141
\caption@leftmargin=\dimen142
\caption@rightmargin=\dimen143
\caption@width=\dimen144
\caption@indent=\dimen145
\caption@parindent=\dimen146
\caption@hangindent=\dimen147
Package caption Info: Standard document class detected.
)
\c@caption@flags=\count191
\c@continuedfloat=\count192
) (/usr/share/texlive/texmf-dist/tex/latex/graphics/graphicx.sty
Package: graphicx 2021/09/16 v1.2d Enhanced LaTeX Graphics (DPC,SPQR)
 (/usr/share/texlive/texmf-dist/tex/latex/graphics/graphics.sty
Package: graphics 2022/03/10 v1.4e Standard LaTeX Graphics (DPC,SPQR)
 (/usr/share/texlive/texmf-dist/tex/latex/graphics/trig.sty
Package: trig 2021/08/11 v1.11 sin cos tan (DPC)
) (/usr/share/texlive/texmf-dist/tex/latex/graphics-cfg/graphics.cfg
File: graphics.cfg 2016/06/04 v1.11 sample graphics configuration
)
Package graphics Info: Driver file: luatex.def on input line 107.
 (/usr/share/texlive/texmf-dist/tex/latex/graphics-def/luatex.def
File: luatex.def 2022/09/22 v1.2d Graphics/color driver for luatex
))
\Gin@req@height=\dimen148
\Gin@req@width=\dimen149
) (/usr/share/texlive/texmf-dist/tex/latex/hyperref/hyperref.sty
Package: hyperref 2022-11-13 v7.00u Hypertext links for LaTeX
 (/usr/share/texlive/texmf-dist/tex/generic/ltxcmds/ltxcmds.sty
Package: ltxcmds 2020-05-10 v1.25 LaTeX kernel commands for general use (HO)
) (/usr/share/texlive/texmf-dist/tex/generic/iftex/iftex.sty
Package: iftex 2022/02/03 v1.0f TeX engine tests
) (/usr/share/texlive/texmf-dist/tex/generic/pdftexcmds/pdftexcmds.sty
Package: pdftexcmds 2020-06-27 v0.33 Utility functions of pdfTeX for LuaTeX (HO)
 (/usr/share/texlive/texmf-dist/tex/generic/infwarerr/infwarerr.sty
Package: infwarerr 2019/12/03 v1.5 Providing info/warning/error messages (HO)
)
Package pdftexcmds Info: \pdf@primitive is available.
Package pdftexcmds Info: \pdf@ifprimitive is available.
Package pdftexcmds Info: \pdfdraftmode found.
\pdftexcmds@toks=\toks17
) (/usr/share/texlive/texmf-dist/tex/latex/kvsetkeys/kvsetkeys.sty
Package: kvsetkeys 2022-10-05 v1.19 Key value parser (HO)
) (/usr/share/texlive/texmf-dist/tex/generic/kvdefinekeys/kvdefinekeys.sty
Package: kvdefinekeys 2019-12-19 v1.6 Define keys (HO)
) (/usr/share/texlive/texmf-dist/tex/generic/pdfescape/pdfescape.sty
Package: pdfescape 2019/12/09 v1.15 Implements pdfTeX's escape features (HO)
) (/usr/share/texlive/texmf-dist/tex/latex/hycolor/hycolor.sty
Package: hycolor 2020-01-27 v1.10 Color options for hyperref/bookmark (HO)
) (/usr/share/texlive/texmf-dist/tex/latex/letltxmacro/letltxmacro.sty
Package: letltxmacro 2019/12/03 v1.6 Let assignment for LaTeX macros (HO)
) (/usr/share/texlive/texmf-dist/tex/latex/auxhook/auxhook.sty
Package: auxhook 2019-12-17 v1.6 Hooks for auxiliary files (HO)
) (/usr/share/texlive/texmf-dist/tex/latex/hyperref/nameref.sty
Package: nameref 2022-05-17 v2.50 Cross-referencing by name of section
 (/usr/share/texlive/texmf-dist/tex/latex/refcount/refcount.sty
Package: refcount 2019/12/15 v3.6 Data extraction from label references (HO)
) (/usr/share/texlive/texmf-dist/tex/generic/gettitlestring/gettitlestring.sty
Package: gettitlestring 2019/12/15 v1.6 Cleanup title references (HO)
 (/usr/share/texlive/texmf-dist/tex/latex/kvoptions/kvoptions.sty
Package: kvoptions 2022-06-15 v3.15 Key value format for package options (HO)
))
\c@section@level=\count193
)
\@linkdim=\dimen150
\Hy@linkcounter=\count194
\Hy@pagecounter=\count195
 (/usr/share/texlive/texmf-dist/tex/latex/hyperref/pd1enc.def
File: pd1enc.def 2022-11-13 v7.00u Hyperref: PDFDocEncoding definition (HO)
) (/usr/share/texlive/texmf-dist/tex/generic/intcalc/intcalc.sty
Package: intcalc 2019/12/15 v1.3 Expandable calculations with integers (HO)
) (/usr/share/texlive/texmf-dist/tex/generic/etexcmds/etexcmds.sty
Package: etexcmds 2019/12/15 v1.7 Avoid name clashes with e-TeX commands (HO)
)
\Hy@SavedSpaceFactor=\count196
 (/usr/share/texlive/texmf-dist/tex/latex/hyperref/puenc.def
File: puenc.def 2022-11-13 v7.00u Hyperref: PDF Unicode definition (HO)
)
Package hyperref Info: Hyper figures OFF on input line 4162.
Package hyperref Info: Link nesting OFF on input line 4167.
Package hyperref Info: Hyper index ON on input line 4170.
Package hyperref Info: Plain pages OFF on input line 4177.
Package hyperref Info: Backreferencing OFF on input line 4182.
Package hyperref Info: Implicit mode ON; LaTeX internals redefined.
Package hyperref Info: Bookmarks ON on input line 4410.
\c@Hy@tempcnt=\count197
 (/usr/share/texlive/texmf-dist/tex/latex/url/url.sty
\Urlmuskip=\muskip16
Package: url 2013/09/16  ver 3.4  Verb mode for urls, etc.
)
LaTeX Info: Redefining \url on input line 4748.
\XeTeXLinkMargin=\dimen151
 (/usr/share/texlive/texmf-dist/tex/generic/bitset/bitset.sty
Package: bitset 2019/12/09 v1.3 Handle bit-vector datatype (HO)

(/usr/share/texlive/texmf-dist/tex/generic/bigintcalc/bigintcalc.sty
Package: bigintcalc 2019/12/15 v1.5 Expandable calculations on big integers (HO)
))
\Fld@menulength=\count198
\Field@Width=\dimen152
\Fld@charsize=\dimen153
Package hyperref Info: Hyper figures OFF on input line 6027.
Package hyperref Info: Link nesting OFF on input line 6032.
Package hyperref Info: Hyper index ON on input line 6035.
Package hyperref Info: backreferencing OFF on input line 6042.
Package hyperref Info: Link coloring OFF on input line 6047.
Package hyperref Info: Link coloring with OCG OFF on input line 6052.
Package hyperref Info: PDF/A mode OFF on input line 6057.
 (/usr/share/texlive/texmf-dist/tex/latex/base/atbegshi-ltx.sty
Package: atbegshi-ltx 2021/01/10 v1.0c Emulation of the original atbegshi
package with kernel methods
)
\Hy@abspage=\count199
\c@Item=\count266
\c@Hfootnote=\count267
)
Package hyperref Info: Driver (autodetected): hluatex.
 (/usr/share/texlive/texmf-dist/tex/latex/hyperref/hluatex.def
File: hluatex.def 2022-11-13 v7.00u Hyperref driver for luaTeX
 (/usr/share/texlive/texmf-dist/tex/generic/stringenc/stringenc.sty
Package: stringenc 2019/11/29 v1.12 Convert strings between diff. encodings (HO)
) (/usr/share/texlive/texmf-dist/tex/latex/base/atveryend-ltx.sty
Package: atveryend-ltx 2020/08/19 v1.0a Emulation of the original atveryend package
with kernel methods
)
\Fld@listcount=\count268
\c@bookmark@seq@number=\count269
 (/usr/share/texlive/texmf-dist/tex/latex/rerunfilecheck/rerunfilecheck.sty
Package: rerunfilecheck 2022-07-10 v1.10 Rerun checks for auxiliary files (HO)
 (/usr/share/texlive/texmf-dist/tex/generic/uniquecounter/uniquecounter.sty
Package: uniquecounter 2019/12/15 v1.4 Provide unlimited unique counter (HO)
)
Package uniquecounter Info: New unique counter `rerunfilecheck' on input line 285.
)
\Hy@SectionHShift=\skip50
) (/usr/share/texlive/texmf-dist/tex/latex/xcolor/xcolor.sty
Package: xcolor 2022/06/12 v2.14 LaTeX color extensions (UK)
 (/usr/share/texlive/texmf-dist/tex/latex/graphics-cfg/color.cfg
File: color.cfg 2016/01/02 v1.6 sample color configuration
)
Package xcolor Info: Driver file: luatex.def on input line 227.
 (/usr/share/texlive/texmf-dist/tex/latex/graphics/mathcolor.ltx)
Package xcolor Info: Model `cmy' substituted by `cmy0' on input line 1353.
Package xcolor Info: Model `hsb' substituted by `rgb' on input line 1357.
Package xcolor Info: Model `RGB' extended on input line 1369.
Package xcolor Info: Model `HTML' substituted by `rgb' on input line 1371.
Package xcolor Info: Model `Hsb' substituted by `hsb' on input line 1372.
Package xcolor Info: Model `tHsb' substituted by `hsb' on input line 1373.
Package xcolor Info: Model `HSB' substituted by `hsb' on input line 1374.
Package xcolor Info: Model `Gray' substituted by `gray' on input line 1375.
Package xcolor Info: Model `wave' substituted by `hsb' on input line 1376.
 (/usr/share/texlive/texmf-dist/tex/latex/graphics/dvipsnam.def
File: dvipsnam.def 2016/06/17 v3.0m Driver-dependent file (DPC,SPQR)
)) (/usr/share/texlive/texmf-dist/tex/latex/outlines/outlines.sty
Package: outlines 2012/1/23 1.1 Ch. Pecheur
 (/usr/share/texlive/texmf-dist/tex/latex/base/ifthen.sty
Package: ifthen 2022/04/13 v1.1d Standard LaTeX ifthen package (DPC)
)) (/usr/share/texlive/texmf-dist/tex/latex/listings/listings.sty
\lst@mode=\count270
\lst@gtempboxa=\box51
\lst@token=\toks18
\lst@length=\count271
\lst@currlwidth=\dimen154
\lst@column=\count272
\lst@pos=\count273
\lst@lostspace=\dimen155
\lst@width=\dimen156
\lst@newlines=\count274
\lst@lineno=\count275
\lst@maxwidth=\dimen157
 (/usr/share/texlive/texmf-dist/tex/latex/listings/lstmisc.sty
File: lstmisc.sty 2020/03/24 1.8d (Carsten Heinz)
\c@lstnumber=\count276
\lst@skipnumbers=\count277
\lst@framebox=\box52
) (/usr/share/texlive/texmf-dist/tex/latex/listings/listings.cfg
File: listings.cfg 2020/03/24 1.8d listings configuration
))
Package: listings 2020/03/24 1.8d (Carsten Heinz)
 (/usr/share/texlive/texmf-dist/tex/latex/fontspec/fontspec.sty (/usr/share/texlive/texmf-dist/tex/latex/l3packages/xparse/xparse.sty (/usr/share/texlive/texmf-dist/tex/latex/l3kernel/expl3.sty
Package: expl3 2023-01-16 L3 programming layer (loader) 
 (/usr/share/texlive/texmf-dist/tex/latex/l3backend/l3backend-luatex.def
File: l3backend-luatex.def 2023-01-16 L3 backend support: PDF output (LuaTeX)
\l__color_backend_stack_int=\count278
\l__pdf_internal_box=\box53
))
Package: xparse 2023-01-16 L3 Experimental document command parser
)
Package: fontspec 2022/01/15 v2.8a Font selection for XeLaTeX and LuaLaTeX
Lua module: fontspec 2022/01/15 2.8a Font selection for XeLaTeX and LuaLaTeX (/usr/share/texlive/texmf-dist/tex/latex/fontspec/fontspec-luatex.sty
Package: fontspec-luatex 2022/01/15 v2.8a Font selection for XeLaTeX and LuaLaTeX
\l__fontspec_script_int=\count279
\l__fontspec_language_int=\count280
\l__fontspec_strnum_int=\count281
\l__fontspec_tmp_int=\count282
\l__fontspec_tmpa_int=\count283
\l__fontspec_tmpb_int=\count284
\l__fontspec_tmpc_int=\count285
\l__fontspec_em_int=\count286
\l__fontspec_emdef_int=\count287
\l__fontspec_strong_int=\count288
\l__fontspec_strongdef_int=\count289
\l__fontspec_tmpa_dim=\dimen158
\l__fontspec_tmpb_dim=\dimen159
\l__fontspec_tmpc_dim=\dimen160
 (/usr/share/texlive/texmf-dist/tex/latex/base/fontenc.sty
Package: fontenc 2021/04/29 v2.0v Standard LaTeX package
) (/usr/share/texlive/texmf-dist/tex/latex/fontspec/fontspec.cfg))) (/usr/share/texlive/texmf-dist/tex/latex/fancyhdr/fancyhdr.sty
Package: fancyhdr 2022/11/09 v4.1 Extensive control of page headers and footers
\f@nch@headwidth=\skip51
\f@nch@O@elh=\skip52
\f@nch@O@erh=\skip53
\f@nch@O@olh=\skip54
\f@nch@O@orh=\skip55
\f@nch@O@elf=\skip56
\f@nch@O@erf=\skip57
\f@nch@O@olf=\skip58
\f@nch@O@orf=\skip59
) (/usr/share/texlive/texmf-dist/tex/latex/geometry/geometry.sty
Package: geometry 2020/01/02 v5.9 Page Geometry
 (/usr/share/texlive/texmf-dist/tex/generic/iftex/ifvtex.sty
Package: ifvtex 2019/10/25 v1.7 ifvtex legacy package. Use iftex instead.
)
\Gm@cnth=\count290
\Gm@cntv=\count291
\c@Gm@tempcnt=\count292
\Gm@bindingoffset=\dimen161
\Gm@wd@mp=\dimen162
\Gm@odd@mp=\dimen163
\Gm@even@mp=\dimen164
\Gm@layoutwidth=\dimen165
\Gm@layoutheight=\dimen166
\Gm@layouthoffset=\dimen167
\Gm@layoutvoffset=\dimen168
\Gm@dimlist=\toks19
)

Package geometry Warning: Over-specification in `v'-direction.
    `height' (731.23582pt) is ignored.

(./UE7_CTF.aux)
\openout1 = UE7_CTF.aux

LaTeX Font Info:    Checking defaults for OML/cmm/m/it on input line 44.
LaTeX Font Info:    ... okay on input line 44.
LaTeX Font Info:    Checking defaults for OMS/cmsy/m/n on input line 44.
LaTeX Font Info:    ... okay on input line 44.
LaTeX Font Info:    Checking defaults for OT1/cmr/m/n on input line 44.
LaTeX Font Info:    ... okay on input line 44.
LaTeX Font Info:    Checking defaults for T1/cmr/m/n on input line 44.
LaTeX Font Info:    ... okay on input line 44.
LaTeX Font Info:    Checking defaults for TS1/cmr/m/n on input line 44.
LaTeX Font Info:    Trying to load font information for TS1+cmr on input line 44.
 (/usr/share/texlive/texmf-dist/tex/latex/base/ts1cmr.fd
File: ts1cmr.fd 2022/07/10 v2.5l Standard LaTeX font definitions
)
LaTeX Font Info:    ... okay on input line 44.
LaTeX Font Info:    Checking defaults for TU/lmr/m/n on input line 44.
LaTeX Font Info:    ... okay on input line 44.
LaTeX Font Info:    Checking defaults for OMX/cmex/m/n on input line 44.
LaTeX Font Info:    ... okay on input line 44.
LaTeX Font Info:    Checking defaults for U/cmr/m/n on input line 44.
LaTeX Font Info:    ... okay on input line 44.
LaTeX Font Info:    Checking defaults for PD1/pdf/m/n on input line 44.
LaTeX Font Info:    ... okay on input line 44.
LaTeX Font Info:    Checking defaults for PU/pdf/m/n on input line 44.
LaTeX Font Info:    ... okay on input line 44.
Package caption Info: Begin \AtBeginDocument code.
Package caption Info: hyperref package is loaded.
Package caption Info: listings package is loaded.
Package caption Info: End \AtBeginDocument code.
 (/usr/share/texlive/texmf-dist/tex/context/base/mkii/supp-pdf.mkii
[Loading MPS to PDF converter (version 2006.09.02).]
\scratchcounter=\count293
\scratchdimen=\dimen169
\scratchbox=\box54
\nofMPsegments=\count294
\nofMParguments=\count295
\everyMPshowfont=\toks20
\MPscratchCnt=\count296
\MPscratchDim=\dimen170
\MPnumerator=\count297
\makeMPintoPDFobject=\count298
\everyMPtoPDFconversion=\toks21
) (/usr/share/texlive/texmf-dist/tex/latex/epstopdf-pkg/epstopdf-base.sty
Package: epstopdf-base 2020-01-24 v2.11 Base part for package epstopdf
Package epstopdf-base Info: Redefining graphics rule for `.eps' on input line 485.
 (/usr/share/texlive/texmf-dist/tex/latex/latexconfig/epstopdf-sys.cfg
File: epstopdf-sys.cfg 2010/07/13 v1.3 Configuration of (r)epstopdf for TeX Live
))
Package hyperref Info: Link coloring OFF on input line 44.
 (./UE7_CTF.out) (./UE7_CTF.out)
\@outlinefile=\write3

\openout3 = UE7_CTF.out
\c@lstlisting=\count299

Package fontspec Info: Adjusting the maths setup (use [no-math] to avoid
(fontspec)             this).

\symlegacymaths=\mathgroup4
LaTeX Font Info:    Overwriting symbol font `legacymaths' in version `bold'
(Font)                  OT1/cmr/m/n --> OT1/cmr/bx/n on input line 44.
LaTeX Font Info:    Redeclaring math accent \acute on input line 44.
LaTeX Font Info:    Redeclaring math accent \grave on input line 44.
LaTeX Font Info:    Redeclaring math accent \ddot on input line 44.
LaTeX Font Info:    Redeclaring math accent \tilde on input line 44.
LaTeX Font Info:    Redeclaring math accent \bar on input line 44.
LaTeX Font Info:    Redeclaring math accent \breve on input line 44.
LaTeX Font Info:    Redeclaring math accent \check on input line 44.
LaTeX Font Info:    Redeclaring math accent \hat on input line 44.
LaTeX Font Info:    Redeclaring math accent \dot on input line 44.
LaTeX Font Info:    Redeclaring math accent \mathring on input line 44.
LaTeX Font Info:    Redeclaring math symbol \colon on input line 44.
LaTeX Font Info:    Redeclaring math symbol \Gamma on input line 44.
LaTeX Font Info:    Redeclaring math symbol \Delta on input line 44.
LaTeX Font Info:    Redeclaring math symbol \Theta on input line 44.
LaTeX Font Info:    Redeclaring math symbol \Lambda on input line 44.
LaTeX Font Info:    Redeclaring math symbol \Xi on input line 44.
LaTeX Font Info:    Redeclaring math symbol \Pi on input line 44.
LaTeX Font Info:    Redeclaring math symbol \Sigma on input line 44.
LaTeX Font Info:    Redeclaring math symbol \Upsilon on input line 44.
LaTeX Font Info:    Redeclaring math symbol \Phi on input line 44.
LaTeX Font Info:    Redeclaring math symbol \Psi on input line 44.
LaTeX Font Info:    Redeclaring math symbol \Omega on input line 44.
LaTeX Font Info:    Redeclaring math symbol \mathdollar on input line 44.
LaTeX Font Info:    Redeclaring symbol font `operators' on input line 44.
LaTeX Font Info:    Encoding `OT1' has changed to `TU' for symbol font
(Font)              `operators' in the math version `normal' on input line 44.
LaTeX Font Info:    Overwriting symbol font `operators' in version `normal'
(Font)                  OT1/cmr/m/n --> TU/lmr/m/n on input line 44.
LaTeX Font Info:    Encoding `OT1' has changed to `TU' for symbol font
(Font)              `operators' in the math version `bold' on input line 44.
LaTeX Font Info:    Overwriting symbol font `operators' in version `bold'
(Font)                  OT1/cmr/bx/n --> TU/lmr/m/n on input line 44.
LaTeX Font Info:    Overwriting symbol font `operators' in version `normal'
(Font)                  TU/lmr/m/n --> TU/lmr/m/n on input line 44.
LaTeX Font Info:    Overwriting math alphabet `\mathit' in version `normal'
(Font)                  OT1/cmr/m/it --> TU/lmr/m/it on input line 44.
LaTeX Font Info:    Overwriting math alphabet `\mathbf' in version `normal'
(Font)                  OT1/cmr/bx/n --> TU/lmr/b/n on input line 44.
LaTeX Font Info:    Overwriting math alphabet `\mathsf' in version `normal'
(Font)                  OT1/cmss/m/n --> TU/lmss/m/n on input line 44.
LaTeX Font Info:    Overwriting math alphabet `\mathtt' in version `normal'
(Font)                  OT1/cmtt/m/n --> TU/lmtt/m/n on input line 44.
LaTeX Font Info:    Overwriting symbol font `operators' in version `bold'
(Font)                  TU/lmr/m/n --> TU/lmr/b/n on input line 44.
LaTeX Font Info:    Overwriting math alphabet `\mathit' in version `bold'
(Font)                  OT1/cmr/bx/it --> TU/lmr/b/it on input line 44.
LaTeX Font Info:    Overwriting math alphabet `\mathsf' in version `bold'
(Font)                  OT1/cmss/bx/n --> TU/lmss/b/n on input line 44.
LaTeX Font Info:    Overwriting math alphabet `\mathtt' in version `bold'
(Font)                  OT1/cmtt/m/n --> TU/lmtt/b/n on input line 44.

*geometry* driver: auto-detecting
*geometry* detected driver: luatex
*geometry* verbose mode - [ preamble ] result:
* driver: luatex
* paper: a4paper
* layout: <same size as paper>
* layoutoffset:(h,v)=(0.0pt,0.0pt)
* modes: 
* h-part:(L,W,R)=(56.9055pt, 483.69684pt, 56.90553pt)
* v-part:(T,H,B)=(56.9055pt, 677.1756pt, 110.96574pt)
* \paperwidth=597.50787pt
* \paperheight=845.04684pt
* \textwidth=483.69684pt
* \textheight=677.1756pt
* \oddsidemargin=-15.36449pt
* \evensidemargin=-15.36449pt
* \topmargin=-52.36449pt
* \headheight=82.70538pt
* \headsep=25.0pt
* \topskip=10.0pt
* \footskip=30.0pt
* \marginparwidth=57.0pt
* \marginparsep=11.0pt
* \columnsep=10.0pt
* \skip\footins=9.0pt plus 4.0pt minus 2.0pt
* \hoffset=0.0pt
* \voffset=0.0pt
* \mag=1000
* \@twocolumnfalse
* \@twosidefalse
* \@mparswitchfalse
* \@reversemarginfalse
* (1in=72.27pt=25.4mm, 1cm=28.453pt)

<images/menheraMagnifier.png, id=116, 678.535pt x 963.6pt>
File: images/menheraMagnifier.png Graphic file (type png)
<use images/menheraMagnifier.png>
Package luatex.def Info: images/menheraMagnifier.png  used on input line 54.
(luatex.def)             Requested size: 339.26666pt x 481.79883pt.
<images/logo.png, id=117, 413.545pt x 122.4575pt>
File: images/logo.png Graphic file (type png)
<use images/logo.png>
Package luatex.def Info: images/logo.png  used on input line 75.
(luatex.def)             Requested size: 186.09352pt x 55.10535pt.
[1{/var/lib/texmf/fonts/map/pdftex/updmap/pdftex.map}

<./images/logo.png><./images/menheraMagnifier.png>] (./UE7_CTF.toc
LaTeX Font Info:    External font `cmex10' loaded for size
(Font)              <7> on input line 5.
LaTeX Font Info:    External font `cmex10' loaded for size
(Font)              <5> on input line 5.
)
\tf@toc=\write4

\openout4 = UE7_CTF.toc
File: images/logo.png Graphic file (type png)
<use images/logo.png>
Package luatex.def Info: images/logo.png  used on input line 78.
(luatex.def)             Requested size: 186.09352pt x 55.10535pt.
 [2]
LaTeX Font Info:    External font `cmex10' loaded for size
(Font)              <8> on input line 89.
LaTeX Font Info:    External font `cmex10' loaded for size
(Font)              <6> on input line 89.
File: images/logo.png Graphic file (type png)
<use images/logo.png>
Package luatex.def Info: images/logo.png  used on input line 90.
(luatex.def)             Requested size: 186.09352pt x 55.10535pt.
 [3]
<./images/nwipsfr.png, id=176, 688.5725pt x 540.0175pt>
File: ./images/nwipsfr.png Graphic file (type png)
<use ./images/nwipsfr.png>
Package luatex.def Info: ./images/nwipsfr.png  used on input line 94.
(luatex.def)             Requested size: 275.4241pt x 216.00316pt.

Underfull \hbox (badness 10000) in paragraph at lines 97--98

 []

File: images/logo.png Graphic file (type png)
<use images/logo.png>
Package luatex.def Info: images/logo.png  used on input line 99.
(luatex.def)             Requested size: 186.09352pt x 55.10535pt.
[4<./images/nwipsfr.png>]
<./images/openingNetworkManager.png, id=183, 949.5475pt x 548.0475pt>
File: ./images/openingNetworkManager.png Graphic file (type png)
<use ./images/openingNetworkManager.png>
Package luatex.def Info: ./images/openingNetworkManager.png  used on input line 105.
(luatex.def)             Requested size: 270.62384pt x 156.19516pt.
File: ./images/nwipsfr.png Graphic file (type png)
<use ./images/nwipsfr.png>
Package luatex.def Info: ./images/nwipsfr.png  used on input line 111.
(luatex.def)             Requested size: 275.4241pt x 216.00316pt.
File: images/logo.png Graphic file (type png)
<use images/logo.png>
Package luatex.def Info: images/logo.png  used on input line 117.
(luatex.def)             Requested size: 186.09352pt x 55.10535pt.
 [5<./images/openingNetworkManager.png>]
<./images/vmnwconf.png, id=191, 767.86874pt x 949.5475pt>
File: ./images/vmnwconf.png Graphic file (type png)
<use ./images/vmnwconf.png>
Package luatex.def Info: ./images/vmnwconf.png  used on input line 119.
(luatex.def)             Requested size: 307.14206pt x 379.81227pt.

Underfull \hbox (badness 10000) in paragraph at lines 122--123

 []

File: images/logo.png Graphic file (type png)
<use images/logo.png>
Package luatex.def Info: images/logo.png  used on input line 123.
(luatex.def)             Requested size: 186.09352pt x 55.10535pt.
[6<./images/vmnwconf.png>]
<images/firstnmapscan.png, id=199, 591.20876pt x 424.58624pt>
File: images/firstnmapscan.png Graphic file (type png)
<use images/firstnmapscan.png>
Package luatex.def Info: images/firstnmapscan.png  used on input line 127.
(luatex.def)             Requested size: 236.47931pt x 169.83148pt.
<images/nmapfr.png, id=204, 1201.48875pt x 309.155pt>
File: images/nmapfr.png Graphic file (type png)
<use images/nmapfr.png>
Package luatex.def Info: images/nmapfr.png  used on input line 134.
(luatex.def)             Requested size: 480.58699pt x 123.6598pt.
File: images/logo.png Graphic file (type png)
<use images/logo.png>
Package luatex.def Info: images/logo.png  used on input line 141.
(luatex.def)             Requested size: 186.09352pt x 55.10535pt.
 [7<./images/firstnmapscan.png><./images/nmapfr.png>]
<images/allesiten.png, id=217, 1701.35625pt x 374.39874pt>
File: images/allesiten.png Graphic file (type png)
<use images/allesiten.png>
Package luatex.def Info: images/allesiten.png  used on input line 143.
(luatex.def)             Requested size: 425.33803pt x 93.59946pt.
<images/base64.png, id=219, 731.73375pt x 91.34125pt>
File: images/base64.png Graphic file (type png)
<use images/base64.png>
Package luatex.def Info: images/base64.png  used on input line 150.
(luatex.def)             Requested size: 292.68831pt x 36.53584pt.
 (/usr/share/texlive/texmf-dist/tex/latex/listings/lstlang1.sty
File: lstlang1.sty 2020/03/24 1.8d listings language file
) (/usr/share/texlive/texmf-dist/tex/latex/listings/lstlang1.sty
File: lstlang1.sty 2020/03/24 1.8d listings language file
)
<images/gettextsh.png, id=220, 378.41376pt x 404.51125pt>
File: images/gettextsh.png Graphic file (type png)
<use images/gettextsh.png>
Package luatex.def Info: images/gettextsh.png  used on input line 164.
(luatex.def)             Requested size: 151.36281pt x 161.80162pt.
<images/labngs.png, id=221, 844.15375pt x 315.1775pt>
File: images/labngs.png Graphic file (type png)
<use images/labngs.png>
Package luatex.def Info: images/labngs.png  used on input line 170.
(luatex.def)             Requested size: 337.65552pt x 126.06876pt.

Underfull \hbox (badness 10000) in paragraph at lines 167--174

 []

File: images/logo.png Graphic file (type png)
<use images/logo.png>
Package luatex.def Info: images/logo.png  used on input line 176.
(luatex.def)             Requested size: 186.09352pt x 55.10535pt.
[8<./images/allesiten.png><./images/base64.png><./images/gettextsh.png>]
<images/hydra.png, id=241, 618.31pt x 274.02374pt>
File: images/hydra.png Graphic file (type png)
<use images/hydra.png>
Package luatex.def Info: images/hydra.png  used on input line 189.
(luatex.def)             Requested size: 309.15424pt x 137.01154pt.

Underfull \hbox (badness 10000) in paragraph at lines 187--193

 []

File: images/logo.png Graphic file (type png)
<use images/logo.png>
Package luatex.def Info: images/logo.png  used on input line 193.
(luatex.def)             Requested size: 186.09352pt x 55.10535pt.
[9<./images/labngs.png><./images/hydra.png>]
<images/flag1.png, id=258, 1097.09875pt x 396.48125pt>
File: images/flag1.png Graphic file (type png)
<use images/flag1.png>
Package luatex.def Info: images/flag1.png  used on input line 196.
(luatex.def)             Requested size: 329.13217pt x 118.94528pt.
<images/hydrassh.png, id=260, 622.325pt x 247.92625pt>
File: images/hydrassh.png Graphic file (type png)
<use images/hydrassh.png>
Package luatex.def Info: images/hydrassh.png  used on input line 204.
(luatex.def)             Requested size: 311.16173pt x 123.96281pt.

Underfull \hbox (badness 10000) in paragraph at lines 202--208

 []

File: images/logo.png Graphic file (type png)
<use images/logo.png>
Package luatex.def Info: images/logo.png  used on input line 208.
(luatex.def)             Requested size: 186.09352pt x 55.10535pt.
[10<./images/flag1.png><./images/hydrassh.png>]
<images/searchingfor falgfiles.png, id=270, 775.89874pt x 262.9825pt>
File: images/searchingfor falgfiles.png Graphic file (type png)
<use images/searchingfor falgfiles.png>
Package luatex.def Info: images/searchingfor falgfiles.png  used on input line 213.
(luatex.def)             Requested size: 387.94843pt x 131.49092pt.
<images/findfiles.png, id=271, 708.6475pt x 78.2925pt>
File: images/findfiles.png Graphic file (type png)
<use images/findfiles.png>
Package luatex.def Info: images/findfiles.png  used on input line 219.
(luatex.def)             Requested size: 389.75734pt x 43.06099pt.
<images/sstunlp.png, id=272, 1142.2675pt x 208.78pt>
File: images/sstunlp.png Graphic file (type png)
<use images/sstunlp.png>
Package luatex.def Info: images/sstunlp.png  used on input line 227.
(luatex.def)             Requested size: 399.79962pt x 73.07408pt.

Underfull \hbox (badness 10000) in paragraph at lines 225--232

 []

File: images/logo.png Graphic file (type png)
<use images/logo.png>
Package luatex.def Info: images/logo.png  used on input line 232.
(luatex.def)             Requested size: 186.09352pt x 55.10535pt.
[11<./images/searchingfor falgfiles.png><./images/findfiles.png><./images/sstunlp.png>]
<images/processflag.png, id=283, 475.7775pt x 83.31125pt>
File: images/processflag.png Graphic file (type png)
<use images/processflag.png>
Package luatex.def Info: images/processflag.png  used on input line 236.
(luatex.def)             Requested size: 261.67842pt x 45.82132pt.
<images/psauxpy.png, id=286, 1629.08624pt x 99.37125pt>
File: images/psauxpy.png Graphic file (type png)
<use images/psauxpy.png>
Package luatex.def Info: images/psauxpy.png  used on input line 246.
(luatex.def)             Requested size: 407.27057pt x 24.84274pt.
<images/commentflag.png, id=287, 826.08624pt x 85.31876pt>
File: images/commentflag.png Graphic file (type png)
<use images/commentflag.png>
Package luatex.def Info: images/commentflag.png  used on input line 252.
(luatex.def)             Requested size: 289.1345pt x 29.862pt.

Underfull \hbox (badness 10000) in paragraph at lines 249--256

 []

File: images/logo.png Graphic file (type png)
<use images/logo.png>
Package luatex.def Info: images/logo.png  used on input line 256.
(luatex.def)             Requested size: 186.09352pt x 55.10535pt.
[12<./images/processflag.png><./images/psauxpy.png><./images/commentflag.png>]
<images/usr.png, id=296, 556.0775pt x 164.615pt>
File: images/usr.png Graphic file (type png)
<use images/usr.png>
Package luatex.def Info: images/usr.png  used on input line 261.
(luatex.def)             Requested size: 250.23256pt x 74.07605pt.
<images/cheerfulotpw.png, id=297, 604.2575pt x 381.425pt>
File: images/cheerfulotpw.png Graphic file (type png)
<use images/cheerfulotpw.png>
Package luatex.def Info: images/cheerfulotpw.png  used on input line 267.
(luatex.def)             Requested size: 271.91336pt x 171.63965pt.
<images/sh.png, id=298, 617.30624pt x 203.76125pt>
File: images/sh.png Graphic file (type png)
<use images/sh.png>
Package luatex.def Info: images/sh.png  used on input line 273.
(luatex.def)             Requested size: 277.78523pt x 91.69171pt.

Underfull \hbox (badness 10000) in paragraph at lines 258--277

 []

File: images/logo.png Graphic file (type png)
<use images/logo.png>
Package luatex.def Info: images/logo.png  used on input line 279.
(luatex.def)             Requested size: 186.09352pt x 55.10535pt.
[13<./images/usr.png><./images/cheerfulotpw.png><./images/sh.png>]
LaTeX Font Info:    Font shape `TU/lmtt/bx/n' in size <10> not available
(Font)              Font shape `TU/lmtt/b/n' tried instead on input line 286.
<images/fdtmp.png, id=308, 767.86874pt x 288.07625pt>
File: images/fdtmp.png Graphic file (type png)
<use images/fdtmp.png>
Package luatex.def Info: images/fdtmp.png  used on input line 288.
(luatex.def)             Requested size: 345.53773pt x 129.6331pt.
<images/tmpfl.png, id=310, 488.82625pt x 51.19125pt>
File: images/tmpfl.png Graphic file (type png)
<use images/tmpfl.png>
Package luatex.def Info: images/tmpfl.png  used on input line 294.
(luatex.def)             Requested size: 342.17603pt x 35.83362pt.
File: images/logo.png Graphic file (type png)
<use images/logo.png>
Package luatex.def Info: images/logo.png  used on input line 299.
(luatex.def)             Requested size: 186.09352pt x 55.10535pt.
 [14<./images/fdtmp.png><./images/tmpfl.png>]
<images/colsal.png, id=328, 661.47125pt x 348.30125pt>
File: images/colsal.png Graphic file (type png)
<use images/colsal.png>
Package luatex.def Info: images/colsal.png  used on input line 303.
(luatex.def)             Requested size: 330.73482pt x 174.15019pt.
<images/cofl.png, id=329, 286.06876pt x 306.14375pt>
File: images/cofl.png Graphic file (type png)
<use images/cofl.png>
Package luatex.def Info: images/cofl.png  used on input line 308.
(luatex.def)             Requested size: 200.24675pt x 214.29915pt.

Underfull \hbox (badness 10000) in paragraph at lines 301--312

 []

File: images/logo.png Graphic file (type png)
<use images/logo.png>
Package luatex.def Info: images/logo.png  used on input line 312.
(luatex.def)             Requested size: 186.09352pt x 55.10535pt.
[15<./images/colsal.png><./images/cofl.png>]
File: images/logo.png Graphic file (type png)
<use images/logo.png>
Package luatex.def Info: images/logo.png  used on input line 325.
(luatex.def)             Requested size: 186.09352pt x 55.10535pt.
 [16]
<images/msfgenpayload.png, id=360, 622.325pt x 143.53625pt>
File: images/msfgenpayload.png Graphic file (type png)
<use images/msfgenpayload.png>
Package luatex.def Info: images/msfgenpayload.png  used on input line 353.
(luatex.def)             Requested size: 435.62453pt x 100.47467pt.
<images/scp.png, id=361, 903.375pt x 66.2475pt>
File: images/scp.png Graphic file (type png)
<use images/scp.png>
Package luatex.def Info: images/scp.png  used on input line 359.
(luatex.def)             Requested size: 451.6864pt x 33.12366pt.

Underfull \hbox (badness 10000) in paragraph at lines 351--363

 []


LaTeX Warning: `h' float specifier changed to `ht'.

File: images/logo.png Graphic file (type png)
<use images/logo.png>
Package luatex.def Info: images/logo.png  used on input line 363.
(luatex.def)             Requested size: 186.09352pt x 55.10535pt.
[17]
<images/msfc.png, id=387, 624.3325pt x 227.85126pt>
File: images/msfc.png Graphic file (type png)
<use images/msfc.png>
Package luatex.def Info: images/msfc.png  used on input line 366.
(luatex.def)             Requested size: 312.16548pt x 113.92534pt.
<images/ep.png, id=388, 394.47375pt x 50.1875pt>
File: images/ep.png Graphic file (type png)
<use images/ep.png>
Package luatex.def Info: images/ep.png  used on input line 371.
(luatex.def)             Requested size: 315.57942pt x 40.15004pt.
<images/RadagJuice.png, id=389, 609.27625pt x 148.555pt>
File: images/RadagJuice.png Graphic file (type png)
<use images/RadagJuice.png>
Package luatex.def Info: images/RadagJuice.png  used on input line 377.
(luatex.def)             Requested size: 310.72676pt x 75.76204pt.

Overfull \hbox (15.05316pt too wide) in paragraph at lines 363--381
\TU/lmr/m/n/10 The next step is to open the Metas-ploit con-sole by run-ning \TU/lmtt/m/n/10 msfconsole\TU/lmr/m/n/10 . Set the ex-ploit to \TU/lmtt/m/n/10 exploit/multi/handler\TU/lmr/m/n/10 ,
 []


Underfull \hbox (badness 10000) in paragraph at lines 363--381

 []


LaTeX Warning: `h' float specifier changed to `ht'.


LaTeX Warning: `h' float specifier changed to `ht'.

File: images/logo.png Graphic file (type png)
<use images/logo.png>
Package luatex.def Info: images/logo.png  used on input line 381.
(luatex.def)             Requested size: 186.09352pt x 55.10535pt.
[18<./images/msfgenpayload.png><./images/scp.png><./images/msfc.png>]
<images/pe.png, id=398, 628.3475pt x 466.74374pt>
File: images/pe.png Graphic file (type png)
<use images/pe.png>
Package luatex.def Info: images/pe.png  used on input line 387.
(luatex.def)             Requested size: 320.45299pt x 238.03615pt.
File: images/logo.png Graphic file (type png)
<use images/logo.png>
Package luatex.def Info: images/logo.png  used on input line 393.
(luatex.def)             Requested size: 186.09352pt x 55.10535pt.
 [19<./images/ep.png><./images/RadagJuice.png><./images/pe.png>] (./UE7_CTF.bbl
Underfull \hbox (badness 4378) in paragraph at lines 47--50
[]\TU/lmr/m/n/10 Jan. 2025, [On-line; ac-cessed 19. Jan. 2025]. [On-line]. Avail-
 []


Underfull \hbox (badness 2393) in paragraph at lines 47--50
\TU/lmr/m/n/10 able: []$https://raw.githubusercontent.com/danielmiessler/SecLists/refs/heads/master/Passwords/
 []

)
File: images/logo.png Graphic file (type png)
<use images/logo.png>
Package luatex.def Info: images/logo.png  used on input line 396.
(luatex.def)             Requested size: 186.09352pt x 55.10535pt.
 [20] (./UE7_CTF.lof)
\tf@lof=\write5

\openout5 = UE7_CTF.lof
File: images/logo.png Graphic file (type png)
<use images/logo.png>
Package luatex.def Info: images/logo.png  used on input line 401.
(luatex.def)             Requested size: 186.09352pt x 55.10535pt.
 [21] (./UE7_CTF.aux)
Package rerunfilecheck Info: File `UE7_CTF.out' has not changed.
(rerunfilecheck)             Checksum: 510B0EF0CF08C1630C6F432809DE4370;6102.
)

Here is how much of LuaTeX's memory you used:
 15919 strings out of 478382
 100000,1977958 words of node,token memory allocated
 611 words of node memory still in use:
   3 hlist, 1 vlist, 1 rule, 12 glue, 3 kern, 1 glyph, 21 attribute, 53 glue_spec, 21 attribute_list, 1 write, 7 pdf_action nodes
   avail lists: 2:1186,3:503,4:404,5:442,6:125,7:8873,8:155,9:962,10:23,11:385
 35066 multiletter control sequences out of 65536+600000
 45 fonts using 3539791 bytes
 72i,16n,73p,1305b,619s stack positions out of 10000i,1000n,20000p,200000b,200000s
</usr/share/texmf/fonts/opentype/public/lm/lmroman10-italic.otf></usr/share/texmf/fonts/opentype/public/lm/lmmonolt10-bold.otf></usr/share/texmf/fonts/opentype/public/lm/lmmono8-regular.otf></usr/share/texmf/fonts/opentype/public/lm/lmroman8-regular.otf></usr/share/texmf/fonts/opentype/public/lm/lmroman6-regular.otf></usr/share/texmf/fonts/opentype/public/lm/lmroman7-regular.otf></usr/share/texmf/fonts/opentype/public/lm/lmmono10-regular.otf></usr/share/texmf/fonts/opentype/public/lm/lmroman10-bold.otf></usr/share/texmf/fonts/opentype/public/lm/lmroman12-bold.otf></usr/share/texmf/fonts/opentype/public/lm/lmroman10-regular.otf></usr/share/texlive/texmf-dist/fonts/type1/public/amsfonts/cm/cmmi10.pfb></usr/share/texlive/texmf-dist/fonts/type1/public/amsfonts/cm/cmsy10.pfb>
Output written on UE7_CTF.pdf (21 pages, 2209819 bytes).

PDF statistics: 560 PDF objects out of 1000 (max. 8388607)
 460 compressed objects within 5 object streams
 146 named destinations out of 1000 (max. 131072)
 225 words of extra memory for PDF output out of 10000 (max. 100000000)

