\BOOKMARK [1][-]{section.1}{\376\377\000T\000a\000s\000k\000\040\000d\000e\000f\000i\000n\000i\000t\000i\000o\000n}{}% 1
\BOOKMARK [1][-]{section.2}{\376\377\000S\000u\000m\000m\000a\000r\000y}{}% 2
\BOOKMARK [1][-]{section.3}{\376\377\000C\000o\000m\000p\000l\000e\000t\000e\000\040\000n\000e\000t\000w\000o\000r\000k\000\040\000t\000o\000p\000o\000l\000o\000g\000y\000\040\000o\000f\000\040\000t\000h\000e\000\040\000e\000x\000e\000r\000c\000i\000s\000e}{}% 3
\BOOKMARK [1][-]{section.4}{\376\377\000E\000x\000e\000r\000c\000i\000s\000e\000\040\000E\000x\000e\000c\000u\000t\000i\000o\000n}{}% 4
\BOOKMARK [2][-]{subsection.4.1}{\376\377\000S\000e\000t\000t\000i\000n\000g\000\040\000u\000p\000\040\000t\000h\000e\000\040\000V\000i\000r\000t\000u\000a\000l\000\040\000m\000a\000s\000c\000h\000e\000i\000n\000e\000s}{section.4}% 5
\BOOKMARK [2][-]{subsection.4.2}{\376\377\000s\000c\000a\000n\000n\000i\000n\000g\000\040\000t\000h\000e\000\040\000n\000e\000t\000w\000o\000r\000k}{section.4}% 6
\BOOKMARK [2][-]{subsection.4.3}{\376\377\000e\000x\000p\000l\000o\000r\000i\000n\000g\000\040\000t\000h\000e\000\040\000w\000e\000b\000s\000i\000t\000e\000s}{section.4}% 7
\BOOKMARK [2][-]{subsection.4.4}{\376\377\000b\000r\000e\000a\000k\000i\000n\000g\000\040\000t\000h\000e\000\040\000h\000t\000t\000p\000\040\000a\000u\000t\000h\000t\000i\000c\000a\000t\000i\000o\000n}{section.4}% 8
\BOOKMARK [2][-]{subsection.4.5}{\376\377\000s\000s\000h\000i\000n\000g\000\040\000i\000n\000t\000o\000\040\000t\000h\000e\000\040\000s\000e\000r\000v\000e\000r}{section.4}% 9
\BOOKMARK [2][-]{subsection.4.6}{\376\377\000e\000x\000p\000l\000o\000r\000i\000n\000g\000\040\000t\000h\000e\000\040\000s\000y\000s\000t\000e\000m}{section.4}% 10
\BOOKMARK [2][-]{subsection.4.7}{\376\377\000p\000r\000o\000c\000c\000e\000s\000\040\000f\000l\000a\000g}{section.4}% 11
\BOOKMARK [2][-]{subsection.4.8}{\376\377\000c\000o\000m\000m\000e\000n\000t\000\040\000f\000l\000a\000g}{section.4}% 12
\BOOKMARK [2][-]{subsection.4.9}{\376\377\000s\000u\000d\000o\000\040\000f\000l\000a\000g}{section.4}% 13
\BOOKMARK [2][-]{subsection.4.10}{\376\377\000h\000i\000s\000t\000o\000r\000y\000\040\000f\000l\000a\000g}{section.4}% 14
\BOOKMARK [2][-]{subsection.4.11}{\376\377\000t\000m\000p\000\040\000f\000l\000a\000g}{section.4}% 15
\BOOKMARK [2][-]{subsection.4.12}{\376\377\000i\000t\000'\000s\000\040\000o\000v\000e\000r\000\040\000b\000u\000t\000\040\000a\000c\000t\000u\000a\000l\000l\000y\000\040\000n\000o\000t}{section.4}% 16
\BOOKMARK [2][-]{subsection.4.13}{\376\377\000t\000r\000y\000i\000n\000g\000\040\000t\000o\000\040\000e\000s\000c\000a\000l\000a\000t\000e\000\040\000p\000r\000i\000v\000a\000l\000e\000d\000g\000s}{section.4}% 17
\BOOKMARK [3][-]{subsubsection.4.13.1}{\376\377\000s\000m\000a\000r\000t\000\040\000e\000n\000u\000m\000e\000r\000a\000t\000i\000o\000n}{subsection.4.13}% 18
\BOOKMARK [3][-]{subsubsection.4.13.2}{\376\377\000t\000r\000y\000i\000n\000g\000\040\000a\000\040\000k\000e\000r\000n\000e\000l\000\040\000l\000e\000v\000e\000l\000\040\000e\000x\000p\000l\000o\000i\000t}{subsection.4.13}% 19
\BOOKMARK [3][-]{subsubsection.4.13.3}{\376\377\000c\000h\000e\000c\000k\000i\000n\000g\000\040\000s\000u\000i\000d\000\040\000b\000i\000n\000a\000r\000y\000s}{subsection.4.13}% 20
\BOOKMARK [3][-]{subsubsection.4.13.4}{\376\377\000c\000h\000e\000c\000k\000i\000n\000g\000\040\000r\000o\000o\000t\000\040\000p\000r\000o\000c\000c\000s\000e\000s}{subsection.4.13}% 21
\BOOKMARK [3][-]{subsubsection.4.13.5}{\376\377\000t\000r\000y\000i\000n\000g\000\040\000m\000e\000t\000a\000s\000p\000l\000o\000i\000t}{subsection.4.13}% 22
\BOOKMARK [3][-]{subsubsection.4.13.6}{\376\377\000t\000r\000y\000i\000n\000g\000\040\000o\000t\000h\000e\000r\000\040\000c\000o\000m\000m\000o\000n\000\040\000c\000t\000f\000\040\000p\000r\000i\000v\000\040\000e\000s\000c\000a\000l\000a\000t\000i\000o\000n\000\040\000w\000a\000y\000s}{subsection.4.13}% 23
\BOOKMARK [2][-]{subsection.4.14}{\376\377\000r\000e\000s\000e\000t\000i\000n\000g\000\040\000t\000h\000e\000\040\000r\000o\000o\000t\000\040\000p\000a\000s\000s\000w\000o\000r\000d\000\040\000a\000n\000d\000\040\000e\000x\000p\000l\000o\000r\000i\000n\000g\000\040\000t\000h\000e\000\040\000v\000m}{section.4}% 24
\BOOKMARK [2][-]{subsection.4.15}{\376\377\0007\000\040\000f\000l\000a\000g\000s}{section.4}% 25
\BOOKMARK [2][-]{subsection.4.16}{\376\377\000t\000a\000l\000k\000i\000n\000g\000\040\000a\000b\000t\000\040\000t\000h\000e\000\040\000s\000e\000t\000u\000p\000\040\000e\000t\000c\000\040\000o\000r\000\040\000s\000u\000m\000\040\000i\000d\000k\000\040\000:\000s\000h\000r\000u\000g\000e\000:}{section.4}% 26
\BOOKMARK [1][-]{section.5}{\376\377\000R\000e\000f\000e\000r\000e\000n\000c\000e\000s}{}% 27
\BOOKMARK [1][-]{section.6}{\376\377\000L\000i\000s\000t\000\040\000o\000f\000\040\000f\000i\000g\000u\000r\000e\000s}{}% 28
